-17 0.152 251 -83 197 28 13 7 717 4347 0.68 0.1 8.5
-17 0.151 232 342 -2954 30 14 -150 747 890 0.79 0.17 5.7
-16.3 0.155 269 446 1520 34 15 -21 1539 -2273 0.69 0.16 5.3
-15.5 0.166 257 -750 -2905 34 71 -22 945 2254 0.8 0.18 3.1
-16.7 0.162 254 -934 207 32 77 49 218 3908 0.73 0.17 2.4
-16.1 0.169 241 -121 1949 34 59 193 1818 3513 0.66 0.11 5.6
-16.8 0.158 236 754 -360 35 71 30 1203 2066 0.75 0 9
-16.1 0.17 207 -108 -1106 32 72 -136 -130 3067 0.67 0.04 10
-16.7 0.163 239 -999 -2995 36 61 -209 -329 1825 0.74 0.04 8.6
-15.9 0.162 216 406 -2142 28 44 116 1253 568 0.75 0.06 2.2
-16.3 0.155 244 353 84 35 61 167 -157 4402 0.66 0.09 5.7
-15.3 0.17 210 -497 -454 36 73 -254 1043 1949 0.69 0.05 7
-16.1 0.16 252 -870 -343 38 43 -203 -216 2433 0.64 0.03 4.3
-16.5 0.151 224 -55 -1262 27 25 82 110 1688 0.78 0.05 7.4
-15.4 0.163 193 -918 -2080 35 14 -88 1717 -2795 0.64 0.01 7.3
-15.2 0.156 202 996 837 32 76 15 1262 415 0.72 0.03 9.6
-15.6 0.166 247 -846 539 38 76 -142 24 3313 0.79 0.12 7.5
-15.5 0.157 216 -889 439 32 24 -332 1898 3646 0.7 0.07 8.3
-16.7 0.153 194 -702 -191 30 72 -146 -351 1513 0.66 0.01 8.4
-15.2 0.169 262 540 -1976 33 12 82 89 3617 0.65 0.18 6.3
-16.6 0.158 269 258 1087 37 35 116 1177 -711 0.61 0.1 5.4
-15.4 0.157 218 -221 -994 35 20 -225 668 3544 0.66 0.03 6.4
-16.1 0.157 194 -853 -1786 33 69 -147 1359 -2070 0.63 0.07 9.5
-15.1 0.152 223 673 2776 30 47 -78 1273 4299 0.73 0.05 9.5
-15.8 0.152 210 774 -1823 28 69 -38 493 3387 0.74 0.08 8.9
-16.6 0.164 222 773 476 30 41 20 1337 2920 0.77 0.05 3.4
-17 0.159 223 866 -2866 32 36 116 1176 1095 0.66 0.13 6.9
-16 0.168 196 -275 -2396 29 69 148 1312 4703 0.77 0.16 8.6
-15 0.159 202 -722 -1300 38 52 112 -1749 4257 0.79 0.09 3.5
-16.1 0.159 260 -603 -692 35 67 4 887 1834 0.66 0.03 7.2
-16.8 0.156 267 -302 -2008 38 18 -375 1844 2853 0.64 0.02 3.3
-16.1 0.155 212 99 2294 37 57 -65 1032 4020 0.77 0.15 3.1
-16.9 0.168 195 990 -1381 32 58 49 1779 1897 0.79 0.03 8.4
-16.9 0.161 221 -37 -655 31 49 165 796 896 0.6 0.05 4.5
-16.9 0.159 220 -803 -40 27 25 -137 -588 4939 0.78 0.07 4.9
-16 0.157 259 -176 -2878 37 78 -59 1992 -995 0.72 0.16 4.7
-15.2 0.166 197 -680 -1518 35 46 -165 1472 -1673 0.72 0.16 9.9
-15.8 0.164 269 478 -2975 34 19 138 712 -1717 0.64 0.09 7.1
-15.6 0.166 227 472 -2030 30 10 -136 1222 4331 0.71 0.11 6.2
-15.7 0.161 231 414 73 35 79 23 1786 -1178 0.73 0.03 5.4
-15.6 0.151 193 -279 -1536 29 50 -170 -596 3667 0.66 0.19 3.9
-15.9 0.162 196 612 -2346 31 62 -206 639 38 0.7 0.18 2.5
-15 0.162 195 -455 -745 29 26 87 1932 -2254 0.62 0 6.8
-16.6 0.153 241 201 -87 27 12 -194 1140 4171 0.68 0.19 3.4
-15.1 0.169 261 -281 -1069 33 22 180 -1349 2200 0.8 0.03 6.8
-15.1 0.166 252 -473 1666 27 57 -60 1635 -1973 0.61 0.02 5.3
-15.5 0.15 250 247 -2613 33 59 -104 1985 2677 0.72 0.16 1.2
-15.8 0.168 214 908 -2928 37 25 145 -975 4503 0.65 0.18 2
-16.3 0.16 191 -175 -1035 29 51 96 1721 4360 0.78 0.02 9.3
-15.9 0.161 217 -949 -118 35 79 -109 1327 2844 0.62 0 4.3
-16 0.154 231 -592 -1901 26 45 189 10 274 0.67 0.07 3.9
-16.8 0.169 262 -941 642 34 12 -39 -1069 3070 0.63 0.06 1.6
-16.9 0.152 269 -233 -1555 26 35 -149 1283 4405 0.66 0.11 4
-16.1 0.159 217 346 -2881 33 32 -156 1130 -43 0.71 0.06 6
-15.4 0.169 269 516 -1752 37 22 198 658 -1535 0.76 0.04 6
-16.8 0.159 246 926 -1678 34 22 143 1245 3484 0.65 0 6.1
-15.3 0.167 258 49 -592 33 41 42 958 -2286 0.8 0.15 7.2
-16.2 0.158 258 -928 -2320 37 58 -153 -850 3662 0.65 0.14 7
-16.1 0.161 191 -838 -1038 30 27 -18 1774 -3063 0.69 0.01 6.5
-16.8 0.151 233 -465 -2123 33 79 -16 -1683 4159 0.63 0.16 8.9
-15.4 0.159 200 -719 -1750 36 70 -234 1153 3713 0.74 0.16 7.7
-16.6 0.166 236 544 2522 38 79 148 1259 1969 0.78 0.08 9.2
-16 0.159 232 -904 -2235 35 29 -320 1039 2882 0.77 0.09 7.2
-16.1 0.169 249 531 -1687 30 51 -51 1472 -3052 0.74 0.12 5
-15.9 0.155 213 532 -2646 36 47 -299 1355 2921 0.71 0.16 3.4
-15.2 0.168 214 657 -287 33 73 130 1473 68 0.79 0.05 8
-15.4 0.166 204 928 -884 29 59 62 1981 3329 0.72 0.11 2.2
-16 0.158 222 -567 -969 38 79 -316 -229 3192 0.71 0.18 9.5
-17 0.17 226 -394 -2427 37 16 -350 1554 -333 0.66 0.2 1.8
-15.2 0.169 231 -313 -2340 37 13 -72 -846 4945 0.64 0.15 9.9
-15.8 0.159 237 341 -2358 34 58 -218 997 2016 0.78 0.06 7.7
-16.4 0.167 233 -283 -1629 31 80 -42 497 3730 0.62 0.01 7.4
-16.5 0.163 206 148 -937 26 63 -32 63 4090 0.75 0.18 6.7
-16.9 0.152 190 -176 -782 28 17 -140 1215 -2127 0.74 0.03 8.9
-16.2 0.152 219 -707 -2151 27 76 111 502 -912 0.79 0.16 1.7
-16.6 0.153 254 282 1006 34 63 75 -1166 2227 0.61 0.04 3.1
-15.7 0.16 195 564 -2674 31 66 144 24 4076 0.65 0.2 1.9
-15.7 0.161 266 447 -2099 33 53 -126 1717 -2327 0.67 0.14 1.5
-16.1 0.152 222 -768 -1135 30 30 -147 1372 707 0.6 0.14 1.7
-15.5 0.156 224 979 -112 27 73 -45 -213 3090 0.62 0.18 3.6
-15.9 0.154 244 724 2473 26 68 104 -1653 3087 0.7 0.2 2.6
-15.7 0.168 231 -832 -359 37 33 43 -1068 3572 0.6 0.01 3.5
-16.9 0.154 235 -329 -995 32 59 -91 -582 2627 0.64 0.03 3.1
-15.1 0.164 256 731 2115 37 51 163 768 104 0.71 0.17 7.2
-16 0.163 266 -267 462 32 68 196 169 4518 0.62 0.13 3.3
-16.6 0.151 241 630 -335 38 73 -106 -733 2382 0.77 0.11 9.1
-15.8 0.158 206 -553 -628 31 71 -57 1105 479 0.73 0.09 5.7
-16.9 0.165 253 -229 -2740 33 68 120 1484 807 0.67 0.03 8.4
-15.7 0.163 248 -100 -1798 27 60 93 1105 45 0.65 0.13 3.8
-15.2 0.162 264 -839 -931 34 31 21 -1328 3784 0.79 0.2 3.6
-15.1 0.162 196 -19 -2726 28 41 95 1825 591 0.65 0.19 2.8
-16.2 0.165 194 -879 -183 26 44 -179 1742 4748 0.66 0.13 8.2
-16.2 0.154 241 -515 -2373 34 45 -259 1479 -798 0.79 0.1 1.6
-16.4 0.167 264 -977 -239 28 77 120 -672 462 0.66 0.05 8.5
-15.1 0.17 216 -677 18 35 54 -21 -1523 3233 0.71 0.15 1.1
-15.8 0.169 245 -680 -2253 31 58 47 1724 -2243 0.71 0.13 6.2
-16.2 0.158 199 92 -2974 37 21 -63 1941 -2642 0.75 0.2 1.9
-15.4 0.152 241 -177 -1578 28 26 57 334 4370 0.62 0.04 2.6
-16.3 0.16 260 878 -2495 26 56 20 -1468 4777 0.62 0.07 6.8
-16.1 0.153 265 417 -232 27 19 155 1666 913 0.61 0.01 7.1
-16.3 0.162 238 -486 -1069 32 23 -37 -1030 3213 0.73 0.06 3.4
-15.2 0.165 229 -932 -196 27 65 59 -1046 1539 0.66 0.16 9.1
-15.9 0.15 236 49 2682 28 62 7 945 -82 0.64 0.17 1.4
-15.5 0.156 248 -222 -1207 32 79 108 1517 3329 0.8 0.11 3.6
-16.2 0.158 268 255 240 28 60 -15 560 -873 0.62 0.09 7.2
-16.3 0.15 236 258 1300 30 42 -53 46 571 0.79 0.09 4.1
-16.8 0.168 261 353 662 38 25 157 1302 -1723 0.69 0.05 6.9
-16.2 0.151 236 -239 -1651 38 26 193 1820 -2747 0.71 0.02 2.3
-15.2 0.162 240 -327 -1403 29 78 -96 741 -838 0.6 0.09 3.5
-15.3 0.168 252 980 -627 37 42 -199 1763 1200 0.68 0.02 5.9
-15.7 0.16 266 -83 2167 26 25 83 -154 863 0.63 0.2 4.5
-15.5 0.154 266 375 2416 31 77 -57 729 -1140 0.6 0.13 3.2
-15.3 0.151 237 -102 -2351 31 64 -124 -74 560 0.63 0 3.4
-16.8 0.162 233 619 -529 36 59 -7 1401 -1585 0.66 0.03 4
-16.2 0.162 198 23 -2444 28 62 79 -654 3589 0.75 0.07 7.9
-15 0.17 234 104 -1209 30 45 159 1675 1904 0.63 0.03 4.4
-15 0.165 243 822 1785 28 62 -30 886 -35 0.62 0.13 3
-15.2 0.168 260 -886 572 35 17 -245 1787 1011 0.64 0.08 9.8
-16.7 0.157 266 750 -2790 36 43 -92 868 -747 0.7 0.04 3.7
-16.8 0.161 267 648 -104 30 48 133 -865 1825 0.65 0.09 6.7
-15.1 0.166 215 524 1459 28 25 -339 1421 3691 0.66 0.06 9.4
-15.5 0.155 242 19 -1543 36 21 -99 -783 3720 0.77 0.07 5.2
-15.2 0.17 240 836 -628 37 21 137 1618 2976 0.79 0.09 1.5
-15.3 0.161 225 739 -1738 26 78 186 1877 2542 0.71 0.15 9.6
-16.4 0.157 260 716 -152 31 21 86 -267 -211 0.64 0.13 3.3
-15.3 0.152 219 505 -887 38 52 -231 1601 2707 0.64 0.1 6
-16.5 0.168 205 70 -750 37 48 -82 1592 -2326 0.8 0.17 2.5
-16 0.155 233 -654 -969 36 25 -165 1397 -830 0.65 0.19 8.3
-16.4 0.151 207 12 -2140 37 50 -47 -364 4892 0.78 0.13 9.4
-16.5 0.165 213 -397 -1026 35 37 -124 1522 -3078 0.63 0.2 1.4
-16.7 0.153 243 856 724 37 71 38 -689 623 0.76 0.13 7.8
-15.8 0.154 242 402 1337 28 47 -97 1818 -2298 0.62 0.17 5.1
-15.9 0.168 216 848 -1820 37 11 -168 553 3197 0.64 0.03 6.1
-16.9 0.167 250 -130 -1665 28 59 -95 -678 2002 0.61 0.05 3.8
-15.9 0.153 211 -191 -591 33 18 -239 1621 4789 0.77 0.04 6.4
-16.4 0.17 241 -368 -2370 28 53 17 574 1209 0.62 0.16 2.4
-16.4 0.161 206 563 -1710 30 28 189 1476 4286 0.79 0.04 7.9
-15.1 0.156 268 -616 -426 34 56 -43 -1103 4196 0.69 0.11 4.9
-16 0.158 253 770 -1647 29 40 16 -200 3470 0.62 0.04 3.2
-16.6 0.168 263 404 -2545 32 26 120 -495 1730 0.77 0.15 4.1
-16.9 0.17 199 913 2791 30 47 33 1669 -1411 0.6 0.06 2.7
-15.6 0.166 198 732 -2865 35 43 193 -963 2727 0.73 0.18 1.6
-15 0.168 200 741 -1553 35 49 11 1349 2087 0.6 0.05 8.5
-15.1 0.154 220 -16 939 31 48 -149 1826 284 0.79 0.12 5.7
-15.7 0.161 242 138 -2863 30 59 -125 1778 4039 0.6 0.1 4.8
-15.1 0.156 253 562 -1453 36 61 186 1009 4689 0.73 0.08 2
-15.6 0.169 204 975 -2503 33 21 192 502 2018 0.6 0.18 9
-15.7 0.167 264 535 1261 36 55 178 1648 -2298 0.65 0.05 5
-15.1 0.167 270 754 -2463 27 28 128 -303 967 0.73 0.05 9.5
-16.9 0.153 238 -402 -293 37 50 -91 1724 -1313 0.65 0.06 2.2
-15 0.157 235 225 -1789 36 63 118 -121 2624 0.72 0 4.3
-17 0.16 244 155 -2900 31 79 69 1999 -1106 0.8 0.04 8
-16.3 0.158 223 799 -1005 36 72 48 1728 -2910 0.71 0.05 2.8
-15.4 0.152 241 485 318 31 11 52 654 -556 0.78 0.2 8.8
-15 0.15 257 554 -1282 33 71 24 1691 -2273 0.72 0.17 5.3
-16.7 0.164 238 -849 -1650 33 68 -304 -694 4523 0.62 0.12 9.6
-15 0.153 217 -247 205 31 74 -139 1543 432 0.64 0.13 4
-15 0.165 247 101 -2971 26 15 -374 1962 2032 0.71 0.13 4.3
-17 0.16 221 -330 -220 31 12 127 1978 -4022 0.62 0.03 4.7
-15.9 0.151 238 355 -2729 28 14 -28 660 190 0.78 0.05 3.5
-16.8 0.17 251 634 -806 27 51 -151 547 1476 0.66 0.09 2.4
-15.7 0.164 268 273 -2796 37 53 -311 859 -562 0.72 0.04 4.9
-16.5 0.164 208 -415 -1017 37 80 -203 222 3985 0.77 0.08 7.2
-16.5 0.162 206 263 -1132 33 35 161 -608 2057 0.73 0.04 1.6
-15.3 0.161 266 760 -2268 35 48 119 -886 4485 0.62 0.02 5.6
-15 0.151 193 218 -249 30 52 -180 1232 2868 0.73 0.2 8.3
-15.5 0.155 251 777 617 31 65 189 -1017 3758 0.68 0 2.7
-15 0.155 200 -921 722 33 68 133 1603 2176 0.69 0.05 7.7
-15.5 0.156 258 -829 88 36 55 -170 420 3337 0.8 0.03 8.5
-15.2 0.155 259 417 2112 32 30 188 695 -349 0.62 0.12 8
-16.1 0.17 240 -948 -531 30 24 -6 1781 4945 0.72 0.13 5.1
-15.5 0.169 243 139 -1613 31 80 105 1300 3807 0.72 0.06 4
-16.6 0.155 197 25 2978 31 65 -59 1754 3307 0.66 0.14 2.5
-15.5 0.169 196 313 -1835 36 42 -52 827 941 0.65 0.16 2.3
-15.3 0.151 251 -883 -1269 35 78 54 1104 2259 0.65 0.06 3.6
-15 0.156 240 -878 -2625 35 22 73 842 2074 0.68 0.2 5.1
-15.2 0.155 269 627 474 37 78 -68 -165 1742 0.73 0.09 4.8
-15 0.151 225 -375 2389 34 39 194 110 2689 0.62 0.06 4.4
-16.5 0.167 194 -928 -886 35 43 -375 151 2542 0.72 0.01 3.4
-16.2 0.152 198 354 1581 27 38 183 531 2345 0.72 0.12 5.1
-16.3 0.164 224 -936 -233 32 73 50 -1316 2116 0.8 0.17 5.9
-15.1 0.153 206 842 -1233 36 73 47 998 -1293 0.8 0.17 9.4
-15.1 0.164 208 287 -2646 32 27 -36 193 3123 0.67 0.2 3.3
-16.7 0.165 228 734 641 34 24 -94 1900 -1941 0.7 0.03 9.1
-15.2 0.162 192 978 -788 29 28 134 -179 1149 0.61 0.04 1
-15.4 0.154 266 455 -653 28 80 -5 384 -722 0.76 0.07 7.8
-17 0.158 251 -386 706 27 72 78 1241 -927 0.63 0.15 2.5
-15.1 0.158 269 -320 -2440 32 16 165 1763 1890 0.61 0.11 9.1
-16.5 0.156 255 549 -2439 32 26 12 1221 -1915 0.62 0.17 3.1
-15.5 0.167 209 -398 -726 31 44 -373 -132 3407 0.8 0.2 4.1
-15.3 0.17 258 487 -351 36 59 186 -587 447 0.7 0.15 3.8
-15.6 0.16 258 -945 -73 34 13 -113 1423 2267 0.8 0.11 7.8
-15.5 0.168 196 -763 -933 28 16 -352 438 2061 0.77 0.15 9.7
-16.1 0.158 192 899 -2816 26 46 60 1439 1526 0.71 0 2.9
-16.2 0.154 201 -771 -2300 28 29 -111 -485 2042 0.67 0.12 3.9
-15.5 0.152 213 -695 -2609 32 26 118 1609 4954 0.69 0.12 6.8
-16.4 0.164 236 793 -2218 36 25 11 470 191 0.76 0.08 9.2
-17 0.153 237 -817 -2299 36 48 -282 126 794 0.77 0.03 4.1
-16.3 0.151 249 -508 211 34 15 -130 981 2882 0.72 0 7.8
-16.6 0.161 227 -827 -54 27 46 -70 -844 3070 0.77 0 7.3
-15.7 0.154 233 -559 -1274 28 80 82 183 1511 0.76 0.12 2.6
-17 0.163 191 110 -2904 31 30 -197 450 2520 0.62 0.13 2.9
-16.7 0.167 200 953 -1766 27 53 -87 1763 -825 0.64 0.08 5.1
-16.3 0.151 198 -918 -2281 34 61 27 431 4965 0.69 0.18 4.1
-16.5 0.151 243 887 -2225 28 64 64 -447 3742 0.71 0.12 3.2
-15.6 0.154 240 185 -1387 36 50 108 1717 -3024 0.79 0.18 4.7
-15 0.153 257 315 -2723 33 14 -400 1547 3826 0.78 0.14 7.9
-15.4 0.157 225 -704 -79 29 71 -222 24 683 0.8 0.15 2.4
-16 0.15 239 389 1726 33 70 -35 594 401 0.74 0.15 6.9
-16.4 0.16 243 -3 -2764 31 57 -264 204 2842 0.61 0.07 7
-15.5 0.164 196 864 -2446 33 60 -151 1358 -1314 0.65 0.17 9.1
-15.7 0.154 237 -356 -1007 30 19 -253 1044 -1048 0.63 0.04 7.7
-16.8 0.154 193 -641 1460 34 31 -347 612 541 0.66 0.15 9.2
-15.9 0.156 263 -645 2419 27 18 -114 1941 347 0.61 0.16 5.4
-15.4 0.15 260 -168 2152 33 36 70 1161 -542 0.69 0.18 3
-16.3 0.157 225 -268 1503 26 34 75 1671 -416 0.72 0.19 1
-16.7 0.16 211 569 -2854 28 44 -128 388 870 0.78 0.14 5.1
-15.6 0.151 203 -287 -164 34 72 -186 1952 3596 0.8 0.11 4.9
-15.8 0.166 201 -117 -907 35 79 -181 761 4185 0.72 0.05 7.4
-15.2 0.151 249 -84 737 34 50 172 1034 2316 0.6 0.16 8.1
-16.9 0.162 233 272 -1856 30 18 98 -773 1781 0.76 0.2 6.4
-15.4 0.164 242 183 -1441 35 68 -238 729 -1218 0.8 0.2 6.8
-15.3 0.155 200 118 -879 37 65 -126 1402 3596 0.72 0.17 3.1
-16.5 0.165 201 341 578 32 72 -59 1559 -2512 0.62 0.12 1.2
-16.6 0.154 197 -731 -2306 32 46 -149 1787 3559 0.67 0 8.8
-15 0.162 191 494 -2120 31 77 -40 1314 3913 0.78 0.08 1.4
-16.5 0.155 256 -862 -2560 36 25 -353 602 4390 0.73 0.01 7.4
-16.4 0.158 242 -635 -2856 35 76 186 1274 184 0.61 0.16 5.4
-15.4 0.15 235 713 -2006 29 15 -355 969 2922 0.74 0.15 8.6
-17 0.165 244 -181 -1644 31 20 -82 -685 2206 0.64 0.08 8.9
-15.6 0.15 200 588 -1269 28 57 58 1727 13 0.69 0.05 9.4
-15.3 0.154 257 796 -2607 37 34 49 1512 4340 0.69 0.08 8.4
-15.8 0.152 261 362 -1937 27 15 192 -441 2900 0.7 0.17 2.5
-15.1 0.156 246 257 -2922 26 64 116 1923 -2485 0.78 0.11 1.2
-16.1 0.154 203 -653 -278 32 57 194 -720 1926 0.72 0.14 1.6
-16 0.168 242 958 800 26 32 -56 1981 1834 0.8 0 2.1
-15.9 0.168 244 -168 -2522 27 69 -50 684 1023 0.68 0.11 5.8
-15.5 0.161 208 -67 780 28 77 114 1664 3656 0.76 0.01 1.8
-15 0.153 253 52 -1179 33 28 33 1099 1105 0.73 0.03 5.5
-16.4 0.151 258 -784 -2909 30 19 116 -47 2133 0.75 0.16 1.3
-16.9 0.161 266 -838 -651 29 48 99 442 -1227 0.72 0.03 6.6
-16.7 0.154 269 -856 2367 38 80 98 1793 -244 0.75 0.08 1.1
-16.2 0.15 258 -433 -8 32 40 -159 1624 3934 0.77 0.19 9.1
-16.8 0.153 270 531 -2116 27 35 -225 1623 2316 0.62 0.16 8.7
-16 0.161 222 -396 1684 31 23 -287 1867 -3186 0.72 0.07 6.5
-16 0.152 256 -610 -654 37 10 -205 1421 1948 0.75 0.1 6.9
-15 0.161 270 -591 -211 38 15 -89 -80 4849 0.69 0.03 1.9
-15 0.151 198 -926 2670 28 51 35 -1870 4957 0.63 0 4.4
-15.6 0.15 208 956 -2192 26 23 40 -1298 4283 0.67 0.11 3.4
-16.4 0.16 241 850 -1030 32 13 -312 1717 4552 0.78 0.05 4
-16 0.166 206 -881 -2719 35 14 118 1211 4662 0.65 0.17 2.6
-16.1 0.158 208 484 -1636 37 63 75 1719 -410 0.72 0.15 1.8
-16.8 0.162 227 -377 848 27 71 2 1514 -827 0.61 0.07 9.1
-15.6 0.15 196 -920 -605 34 17 -206 581 599 0.6 0.19 3.6
-15.7 0.169 233 880 1240 31 76 113 1243 1192 0.72 0.19 2.7
-15.8 0.166 196 -681 -2236 29 27 44 1670 -707 0.8 0.2 8.3
-15.7 0.151 252 237 1607 36 56 154 -638 4714 0.78 0.06 5.8
-16 0.17 266 -992 -2050 31 29 -50 862 3448 0.62 0.1 8.1
-15.8 0.152 229 422 2800 28 27 92 1612 1973 0.73 0.11 8.7
-15.7 0.165 251 961 -2564 31 21 -323 1675 -202 0.69 0.04 1
-15.5 0.153 221 -683 -1370 33 48 46 1930 -1365 0.71 0 4.7
-16.2 0.164 216 -657 -749 31 74 -111 -43 3878 0.64 0.03 3.9
-15.9 0.163 258 -572 -1202 28 41 -338 1151 -811 0.67 0.06 3.6
-16.9 0.162 237 113 -1137 34 24 -262 1844 3170 0.6 0 6.2
-16.2 0.16 229 -602 -1334 36 22 -65 -597 1771 0.8 0.07 7.2
-16.9 0.16 241 -812 -2144 32 42 -36 -979 3331 0.7 0.17 6.3
-15.9 0.155 234 -357 -1583 34 40 -303 1807 2564 0.7 0.08 4.8
-16.6 0.164 220 -716 -1851 30 46 -218 46 1929 0.65 0.01 1.6
-15.3 0.154 214 -365 -1364 33 69 15 -325 4783 0.72 0.17 1.3
-16.9 0.152 199 737 -996 32 34 182 1494 -2430 0.8 0.2 6.6
-15.7 0.164 267 -151 -2280 28 35 -163 -303 1880 0.7 0.16 2.4
-15.5 0.161 255 675 -218 29 49 197 -420 2494 0.67 0.2 7.4
-15.1 0.17 226 -82 -9 26 72 172 544 852 0.61 0 1.2
-15.4 0.153 258 7 -1016 30 20 -166 1997 68 0.66 0.07 5.4
-15.9 0.151 257 666 1140 34 26 168 1121 549 0.72 0.16 8
-15.8 0.155 195 -306 -1106 29 57 -142 248 1260 0.62 0.16 7.7
-15.3 0.167 238 262 -2255 28 17 -42 1742 1584 0.64 0.16 6
-16.5 0.157 201 -915 595 35 46 -222 862 781 0.7 0.17 2.9
-16.7 0.155 265 -397 -1238 38 45 -208 22 4547 0.78 0.15 2.6
-16.8 0.16 240 826 1507 31 11 -397 1947 1606 0.78 0.16 8.8
-15.7 0.164 264 -61 321 26 61 -191 863 2434 0.7 0.1 3
-16.4 0.152 262 585 2332 30 62 -156 494 702 0.68 0.13 3.8
-16.1 0.169 224 975 299 34 25 -334 1707 -296 0.64 0 9.8
-16.7 0.158 213 -812 468 29 39 -80 324 -902 0.65 0.2 8.9
-16.8 0.157 226 524 28 29 78 22 799 4344 0.65 0.15 2.8
-15.7 0.152 263 -999 -332 38 40 119 621 2085 0.72 0.12 4
-15.9 0.162 228 -592 -2247 36 12 100 707 -1516 0.65 0.17 4.6
-16 0.151 229 532 2742 28 27 -391 1556 4394 0.7 0.03 6
-16.4 0.157 219 939 341 28 30 62 1870 -3045 0.78 0.01 3.4
-15.7 0.158 236 568 -2750 27 66 86 1443 895 0.79 0.03 5.3
-17 0.164 209 686 214 33 17 114 617 -13 0.67 0.15 5.3
-16.2 0.152 218 -335 -2568 37 40 -83 1895 -178 0.8 0.07 4.4
-17 0.157 233 -959 -2293 27 37 -30 327 1547 0.76 0.07 3.5
-16.5 0.152 236 -181 10 37 40 -99 1952 899 0.78 0.05 5
-16.8 0.17 209 746 312 37 62 54 984 -2230 0.71 0.04 7.9
-16.2 0.151 206 142 -1981 38 56 -272 1586 -2350 0.71 0.03 3.5
-16.7 0.169 211 -11 638 35 38 181 794 -2136 0.76 0.15 1.5
-16.3 0.15 237 769 -910 37 47 87 1597 2664 0.73 0.18 9.3
-15.8 0.152 223 125 -1469 38 11 -18 1929 2907 0.75 0.15 9.1
-16.6 0.151 219 512 -1057 37 51 -122 1330 -295 0.74 0.16 8.2
-16 0.161 212 -508 -255 30 58 -152 -306 807 0.62 0.09 8.3
-16.9 0.161 208 465 43 28 45 5 693 528 0.79 0.09 10
-15.4 0.16 254 351 -257 32 80 59 436 2274 0.67 0.01 3.6
-16.6 0.162 210 -294 -243 27 58 -350 -487 4003 0.61 0.17 5.7
-15.8 0.151 265 32 -1014 36 57 114 -845 3632 0.76 0.14 8
-16.9 0.16 270 424 307 36 76 -20 857 2138 0.62 0.09 8.7
-16.1 0.162 200 -439 -978 33 57 14 -430 2150 0.62 0.16 9.4
-15.5 0.159 214 -337 241 31 33 134 1273 3019 0.72 0.16 9.7
-15.1 0.151 267 -333 -1138 28 52 -125 1276 4887 0.68 0.15 1.8
-17 0.168 223 -635 -1777 35 10 89 1267 -1140 0.61 0.02 3.1
-15.1 0.156 224 822 -1153 31 45 -47 -380 4920 0.63 0.08 3.5
-16.3 0.15 190 -32 -665 29 42 -122 1533 -1020 0.63 0.12 9.4
-16.7 0.155 198 -626 -2195 38 11 -365 1062 1534 0.76 0.03 8
-15.6 0.153 196 -919 1299 37 25 -391 1884 -2571 0.65 0.14 3.6
-16.6 0.168 264 -32 -2483 32 50 57 398 3191 0.73 0.15 2.5
-16 0.163 221 -210 -2127 37 68 -315 -198 4384 0.7 0.16 3
-16.2 0.17 267 624 -107 38 76 194 224 1172 0.75 0.15 3.3
-16.1 0.154 220 -790 -873 28 12 79 982 4429 0.62 0.18 3.2
-15.9 0.165 268 -513 -1899 30 43 117 1088 2614 0.64 0.01 7.2
-16.8 0.16 226 130 -730 37 63 -309 1725 1137 0.71 0.02 2.9
-16.5 0.169 266 -225 -2832 29 48 -273 -248 3180 0.7 0.15 5.9
-15.9 0.152 266 351 -1889 30 18 41 1796 -742 0.8 0.06 1.3
-16.2 0.17 203 37 1412 37 13 88 26 1373 0.74 0.07 4.3
-15.7 0.157 192 905 -1473 36 16 133 1258 -1959 0.61 0.16 7.7
-16.7 0.16 252 -607 -2654 30 57 -374 -143 4565 0.77 0.11 6.7
-15.7 0.17 237 554 -2834 30 62 116 1334 4307 0.66 0.16 8.3
-17 0.156 240 -589 2904 35 17 134 249 320 0.64 0.14 1.6
-15.3 0.155 259 632 1720 27 31 141 1094 1783 0.76 0.04 1.6
-15.1 0.159 236 992 -491 28 13 -207 1901 3811 0.72 0.08 5
-15.1 0.152 239 65 -2155 34 44 126 1374 -1477 0.7 0.12 4.6
-16.6 0.161 218 30 -278 36 17 192 62 4920 0.78 0.19 7.9
-16.6 0.154 237 -377 -521 38 73 -225 572 3637 0.65 0.16 9.6
-15.4 0.167 218 -779 -719 31 28 -268 236 4331 0.72 0.2 9.9
-16.8 0.169 260 -259 -496 35 63 136 1417 915 0.66 0.04 8
-16 0.151 210 -984 1327 26 46 -305 322 1137 0.67 0.02 4.5
-15.5 0.157 229 -568 -927 26 42 -155 1165 658 0.71 0.14 1.9
-15.9 0.167 195 543 -2507 29 46 -155 -23 4049 0.68 0.09 4.8
-15.1 0.153 191 893 1464 32 61 -72 437 1667 0.77 0.18 5.4
-15.3 0.161 252 198 -800 34 18 -7 463 914 0.74 0.14 5.6
-16.7 0.168 256 -466 996 30 76 151 936 -789 0.61 0.09 5.4
-15.5 0.167 242 -823 258 35 57 -172 1899 -678 0.6 0.13 6.1
-16.7 0.158 199 246 -1809 27 28 144 1817 -2473 0.65 0.07 8.9
-15.6 0.161 201 -680 243 37 50 -389 1374 -335 0.61 0.05 3.5
-17 0.156 195 213 -2727 28 10 -31 1322 2959 0.66 0.19 2.2
-15.3 0.167 247 -938 459 35 28 -355 964 -994 0.72 0.17 5.9
-15.9 0.159 254 445 -831 32 59 155 -613 1911 0.68 0.12 9.3
-16.8 0.15 266 295 175 38 59 -189 1108 -2060 0.61 0.13 8.1
-16.4 0.158 214 -327 -1961 28 17 -180 1249 242 0.6 0.1 2.8
-15.6 0.163 204 530 -1528 30 15 76 901 3107 0.7 0.13 4.4
-15.7 0.155 243 474 2368 31 21 -318 1525 -1444 0.65 0.02 5
-15.8 0.155 219 806 -902 33 23 160 1386 2042 0.65 0.19 6.3
-16.7 0.161 231 364 1820 33 48 96 1510 360 0.8 0.07 5.9
-16.6 0.166 258 -602 -1460 27 34 -252 959 3958 0.7 0.18 1.5
-16.7 0.161 242 -443 -1113 34 58 -102 1865 2034 0.6 0.12 3.3
-15.5 0.15 208 597 2300 32 63 -232 1265 -1567 0.71 0.05 2.3
-15.1 0.151 257 -574 263 31 28 -264 1889 3531 0.75 0.06 7.7
-15.9 0.165 217 -649 -2035 31 16 -259 994 2571 0.79 0.17 5.1
-16.4 0.156 200 -206 -1267 36 50 -80 984 1225 0.66 0.01 7.9
-16.4 0.17 222 779 -460 37 18 -318 1424 757 0.66 0.07 7.1
-15.2 0.169 234 -620 -1163 28 36 -33 359 -547 0.73 0.16 2.5
-16.1 0.156 260 -351 -163 29 72 8 1099 117 0.62 0.08 5.5
-16.5 0.151 225 -982 -1427 29 42 -69 644 -1427 0.79 0.12 2.8
-15.9 0.154 265 -461 -1015 35 10 93 1330 -360 0.71 0.14 9.2
-15 0.15 197 504 2502 35 79 -85 545 2065 0.7 0.04 8.4
-15.1 0.169 265 -267 -778 33 26 -176 1590 -120 0.65 0.08 6.4
-16 0.164 246 -256 -2292 33 29 -361 1785 1635 0.8 0.08 7.6
-15.4 0.164 265 -681 159 29 67 -26 866 2631 0.63 0.13 6.7
-16.2 0.154 247 939 -187 34 33 0 1461 -3017 0.73 0 1.6
-16.9 0.168 212 -256 -828 38 21 154 1053 4470 0.79 0.13 6.7
-16.6 0.161 215 -305 -836 32 57 -180 900 2257 0.61 0.19 3.2
-15 0.165 241 948 -1581 34 59 -16 -495 2448 0.67 0.16 8.7
-16.7 0.157 259 -479 -708 31 28 22 1629 2507 0.68 0.15 8.9
-16 0.169 209 -492 -1276 35 55 -351 1990 -1442 0.67 0 2.8
-15.5 0.162 255 -204 -1703 34 17 72 -1349 3645 0.77 0.08 6.6
-15.2 0.164 191 760 -2255 38 76 119 -420 1697 0.64 0.16 9.7
-15.3 0.164 229 469 445 28 59 67 1762 -351 0.79 0.04 5.7
-15.8 0.15 254 -530 769 31 13 93 -78 3862 0.63 0.07 8.7
-16.4 0.163 248 642 361 34 58 11 1253 1325 0.76 0.03 9.8
-15.2 0.163 210 -422 -1123 26 10 -131 1284 3428 0.7 0.14 5.1
-15.1 0.162 199 -665 -1393 31 52 143 -87 3346 0.6 0.15 2.7
-16.7 0.156 229 416 -1492 33 17 130 1352 -2808 0.64 0.06 7.5
-16.9 0.16 267 -727 -1387 37 63 43 -211 2595 0.78 0.12 5.2
-16.8 0.151 213 -89 43 28 29 174 355 86 0.71 0.11 4.4
-16.9 0.15 247 -233 1720 37 12 50 1978 4832 0.7 0.09 6
-16 0.162 214 505 461 38 18 190 847 4968 0.71 0.05 2.9
-16.3 0.153 190 109 -912 33 30 -137 1497 -2417 0.74 0.13 3
-16 0.168 257 -702 -2457 27 26 97 893 -447 0.7 0.06 1.5
-16.4 0.165 226 -700 358 35 60 -240 1759 61 0.67 0.15 6.4
-16 0.152 248 -767 -1031 37 67 -92 933 2671 0.62 0.04 4
-16.5 0.169 229 152 -1346 27 43 74 1276 -2577 0.78 0.09 5.8
-15.1 0.159 265 -896 343 35 72 -107 80 2383 0.65 0.1 7.2
-15.3 0.15 242 -111 -1408 27 56 -159 949 4814 0.72 0.06 1.3
-16.5 0.163 190 343 -2536 27 51 -297 611 2611 0.76 0.03 2.4
-15.4 0.151 235 456 -1663 35 34 -36 1684 878 0.75 0.06 5.6
-15.8 0.155 235 566 -1056 31 80 -178 506 3102 0.77 0.11 2.7
-15.3 0.151 195 -117 -1479 31 71 53 356 4209 0.72 0.04 7.2
-16.6 0.168 270 -919 -1769 36 57 -74 518 3650 0.65 0.04 7.9
-16.8 0.167 233 654 -2005 26 55 113 439 3003 0.64 0.04 5.5
-16 0.151 205 -444 -935 37 44 84 1519 11 0.7 0.16 7
-15.7 0.165 191 -874 -1366 32 58 -23 1939 -850 0.64 0.07 2.3
-15.1 0.152 194 232 78 35 20 -39 1370 166 0.65 0.16 9.9
-16.2 0.159 248 101 -1593 34 24 -58 1374 -2087 0.68 0.11 2.3
-15.8 0.158 196 179 233 29 18 140 635 1291 0.73 0 2.4
-15.6 0.161 264 -236 -836 26 47 -288 587 1016 0.71 0.04 4.2
-16.1 0.16 213 -660 -641 32 68 -60 714 149 0.6 0.01 4.5
-16.4 0.163 213 -612 -115 28 36 -140 1455 4334 0.75 0.02 1.6
-15.9 0.159 227 10 -625 28 53 121 -484 2869 0.71 0.09 9
-15.2 0.168 258 -954 -1353 32 66 -61 1414 669 0.73 0.17 2.4
-16.1 0.153 203 -455 -538 28 59 200 1815 1657 0.71 0.03 7
-15.7 0.16 242 -846 -912 33 47 -239 1173 4631 0.73 0.16 6.2
-16.6 0.161 250 330 93 27 56 174 1720 2351 0.61 0.14 2.3
-16.9 0.162 237 857 -1843 36 17 106 739 4023 0.72 0.02 1.6
-16.8 0.165 196 -998 1031 26 41 -171 1102 3442 0.64 0.15 6.3
-17 0.157 212 288 971 37 30 35 1338 -2107 0.7 0.18 8.7
-17 0.156 221 176 1571 26 45 14 1618 -726 0.79 0.16 1.8
-16.8 0.158 203 584 2229 35 64 158 326 3065 0.74 0.05 1
-15.4 0.154 249 -257 1570 38 32 24 1676 4856 0.75 0.11 7.9
-16.4 0.157 221 721 -2035 31 29 55 1999 -487 0.77 0.06 1.6
-15.2 0.161 202 529 2887 28 53 44 304 -1280 0.66 0.1 2.8
-16.3 0.161 240 861 -525 29 72 63 -1833 4991 0.71 0.17 1.7
-16.9 0.152 192 -246 2926 26 30 32 809 3117 0.61 0.12 7.4
-16.8 0.158 196 -533 -1597 38 73 -346 788 2727 0.65 0.11 5.2
-16.6 0.157 229 -143 -1740 26 63 103 -82 -631 0.75 0.05 8.7
-16.1 0.169 266 948 -2554 28 20 -95 58 941 0.67 0.14 3.7
-15.3 0.155 206 252 -2428 38 79 -1 1847 -2125 0.63 0.02 4.1
-16.7 0.152 251 496 54 38 28 -300 1662 1659 0.62 0.07 5.7
-17 0.165 195 -289 -2838 32 78 126 -164 -366 0.76 0.18 4.1
-15.9 0.164 222 -249 -1804 38 51 -78 -1108 4042 0.73 0.02 3.4
-15.6 0.17 210 842 -1735 33 60 -210 1740 -220 0.6 0.02 6.1
-15.3 0.17 236 -107 -1470 37 56 111 1475 540 0.72 0.01 5.1
-15.8 0.158 222 -992 181 27 36 67 1025 329 0.7 0.16 1.9
-16 0.157 198 92 2200 28 25 -295 1782 4839 0.78 0.07 8.2
-16.1 0.153 237 -719 -2179 37 25 156 1299 3780 0.75 0.03 8.7
-16.9 0.152 233 -619 -2528 35 53 -76 1171 4307 0.62 0.11 5.4
-16.2 0.165 270 687 -2715 30 13 7 -799 4797 0.74 0.04 9.7
-16.1 0.156 216 717 -1219 26 51 137 1115 -2516 0.78 0.18 6
-15 0.154 237 -376 5 35 34 -304 1434 4973 0.71 0.11 7.7
-16.8 0.163 258 -848 -1747 26 61 -123 543 680 0.74 0.03 9.3
-16.2 0.16 214 -594 -2122 37 25 178 703 4718 0.74 0.04 9.3
-16.8 0.165 225 412 1283 27 61 -172 1757 3561 0.66 0.2 2.8
-16.1 0.163 192 159 2333 37 48 98 1572 -1235 0.77 0.06 9.1
-15.3 0.152 238 977 1632 31 17 -369 1236 4302 0.6 0.2 1.3
-16 0.158 240 860 383 29 53 16 215 -548 0.66 0.08 4.7
-15.1 0.162 245 348 2467 36 65 169 1244 -2791 0.74 0.16 3.3
-16.3 0.162 248 -643 -664 36 38 27 532 -1137 0.61 0.06 6.4
-16.5 0.157 224 86 1545 30 51 105 -276 3975 0.6 0.02 6.7
-16.2 0.153 217 -755 -1358 27 13 -14 755 -889 0.62 0.01 7.1
-16 0.156 205 631 -2739 27 22 109 -214 2597 0.68 0.07 8.4
-16.1 0.162 218 -967 -1543 31 51 150 -221 358 0.66 0.08 6.2
-15.3 0.16 220 -241 1946 34 47 194 1395 1202 0.79 0.07 4.7
-16.3 0.151 201 -146 -156 32 20 -336 988 -495 0.67 0.19 8.2
-15.8 0.163 203 -393 -1808 29 42 170 -1099 2346 0.73 0.01 1.3
-15.5 0.169 252 183 -2370 36 77 -24 -58 2180 0.73 0.2 8.3
-15.5 0.153 228 -533 -1220 35 79 117 1292 -297 0.69 0.02 3.8
-16 0.15 220 931 627 38 32 -347 996 -1007 0.69 0.2 4.8
-15.8 0.169 228 107 178 30 73 199 809 -164 0.72 0.14 6.4
-16.2 0.155 267 939 -708 32 67 56 1211 1005 0.6 0.08 2.5
-15.8 0.169 270 -876 -556 32 31 -137 124 2543 0.73 0.17 3
-15.5 0.15 209 -438 -1597 26 52 -147 155 -408 0.63 0.16 8.3
-15.5 0.163 224 617 -1966 31 79 196 -864 4099 0.7 0.08 3.6
-15.3 0.165 190 -370 -416 31 56 -217 939 3462 0.6 0.03 3.6
-16 0.157 242 975 1512 33 49 68 1838 4003 0.64 0.15 7.3
-16.1 0.152 225 19 853 29 41 -201 1554 4307 0.75 0.09 3.6
-16.6 0.153 228 981 -654 30 21 -187 1244 2333 0.74 0.16 3
-15.2 0.161 227 -561 -636 28 17 -392 1059 1519 0.76 0.03 6.2
-15.4 0.164 213 449 -2918 30 77 27 -829 4920 0.69 0.06 6.8
-16.2 0.151 256 266 -2868 30 36 199 1091 -2223 0.69 0.17 2.6
-15.3 0.152 206 -850 -2288 38 13 21 -670 2854 0.63 0.14 9.2
-15.9 0.159 211 276 -2158 29 57 -121 977 4983 0.69 0.02 3.4
-16.1 0.169 266 955 281 38 64 3 1822 4503 0.72 0.15 3.5
-15.6 0.155 265 170 -578 32 50 7 91 1497 0.62 0.07 9.5
-15.9 0.158 267 -283 2334 35 25 125 1658 -2836 0.71 0.03 3.7
-16.1 0.15 256 -908 -2526 35 39 108 1792 -3248 0.68 0.07 7.4
-15.5 0.17 221 423 -2708 30 50 -367 1356 1687 0.69 0.07 2.3
-17 0.154 266 -834 -1679 37 32 -6 899 -852 0.65 0.2 1
-16.9 0.156 220 -682 -665 27 46 -16 -293 3435 0.7 0.09 8.2
-16.9 0.16 225 872 -2056 35 17 7 -245 2311 0.61 0.06 2.8
-15.6 0.155 196 -788 -982 30 59 128 -1902 4620 0.71 0.03 7.4
-16.2 0.168 233 390 -1401 26 57 144 733 33 0.68 0.09 4.6
-16.7 0.164 209 781 1987 35 13 -274 899 4065 0.69 0.01 4.6
-16.4 0.17 269 -977 187 32 72 194 1997 -3479 0.64 0.15 6.3
-15.2 0.166 266 -852 262 26 12 152 1854 -3501 0.74 0.1 7.1
-16.5 0.166 211 436 -1019 27 30 13 1134 -1156 0.72 0.03 5.7
-15.2 0.157 260 274 2166 27 46 38 1727 4387 0.75 0.16 5.6
-15.1 0.153 234 94 -157 37 53 -244 1938 1163 0.75 0.04 2.2
-15.4 0.17 267 -622 -462 32 76 -164 1135 3194 0.64 0.03 5.3
-15.8 0.169 263 716 -1344 36 43 151 917 364 0.69 0.11 1.4
-15.8 0.162 252 -550 -1456 29 32 -329 55 3572 0.66 0.19 4.4
-15.9 0.159 193 89 -2123 34 65 109 -1938 4880 0.73 0.07 1.6
-15.4 0.169 240 -783 1493 33 12 -321 1877 3474 0.71 0.06 9.8
-16.5 0.155 268 -952 -2059 33 59 188 1935 -1511 0.63 0.05 5.2
-16.1 0.158 234 358 1495 36 80 -169 1406 338 0.61 0.15 4.1
-15.7 0.158 225 -695 -2411 28 14 -391 831 2667 0.73 0.16 8.7
-15.1 0.155 216 710 -2315 29 54 22 1290 2305 0.64 0.05 9.5
-16 0.163 236 -54 -1789 27 22 64 -1298 3910 0.76 0 8.7
-15.6 0.153 204 929 -850 29 34 -17 1726 4043 0.68 0.18 5.6
-16.3 0.159 261 541 2103 33 76 137 1607 -1732 0.69 0.05 8
-15.4 0.156 227 715 -2205 36 76 127 1384 1580 0.68 0.04 6.6
-15.1 0.157 208 817 -2223 36 71 57 -1591 3860 0.73 0.12 5.6
-16.3 0.163 270 31 269 26 21 -152 1779 -1968 0.71 0.07 8
-16 0.157 261 890 -105 33 65 91 -341 842 0.65 0.12 6.9
-15.9 0.159 261 -741 -783 32 16 17 681 -1625 0.68 0.15 5.2
-15.8 0.158 196 430 2398 38 64 -27 1352 -468 0.74 0.2 5.9
-16.5 0.16 234 -350 2447 32 30 -75 1499 -2405 0.68 0 2.6
-16.6 0.16 216 -742 -1259 37 51 157 1180 -1617 0.71 0.08 7
-15.7 0.152 225 31 -2927 33 54 -63 420 3370 0.62 0.08 8
-16.9 0.169 210 109 -1924 30 66 34 1713 1210 0.75 0.08 6.1
-16.8 0.169 225 80 -2068 37 25 -208 47 1842 0.67 0.11 7.4
-16.2 0.157 226 -834 -990 33 24 122 1268 -661 0.78 0.12 2.3
-15.6 0.161 193 -963 1252 36 67 -93 -640 1147 0.61 0.03 3.4
-16.4 0.158 245 300 2370 35 58 110 -182 4946 0.75 0.03 9.6
-16.3 0.164 241 -673 -1018 33 60 -396 1187 4088 0.61 0.11 2.3
-15.6 0.151 264 -138 2276 29 17 172 958 -11 0.72 0.09 4.7
-15.3 0.167 254 344 1843 31 23 49 980 1252 0.76 0.19 4.9
-16.9 0.166 202 -936 -890 38 24 -68 189 4879 0.77 0.07 2.9
-15 0.163 268 -733 272 36 10 -92 563 -308 0.66 0.19 5.2
-17 0.153 256 -40 1582 27 62 191 822 284 0.65 0.18 6.4
-16.2 0.163 235 -910 911 36 72 190 771 3004 0.69 0.06 2.9
-16.9 0.161 193 182 -2653 37 37 88 -1167 4573 0.67 0.17 5
-17 0.167 216 504 -2473 30 52 -211 -89 3045 0.71 0.1 5.9
-16.9 0.167 190 -769 -1240 38 61 131 -529 3884 0.7 0.04 7.3
-16.4 0.17 238 -560 -1419 28 49 120 233 1840 0.61 0.04 8.2
-15.4 0.163 218 -958 -1307 29 38 -345 587 4861 0.75 0.12 2.3
-15.6 0.166 229 -936 -2600 36 10 70 -794 1906 0.66 0.2 3.3
-16.2 0.167 204 -601 286 29 72 -13 1618 3333 0.64 0.19 8
-16.3 0.154 255 -283 1947 26 39 95 1130 1470 0.61 0.09 5.3
-16.5 0.17 222 790 -2934 31 61 -109 1472 3329 0.75 0.13 9.5
-16.7 0.16 254 743 -1340 38 47 179 228 621 0.75 0.16 4.3
-15.4 0.169 247 815 -2533 29 51 146 -54 1189 0.79 0.14 1.5
-15.7 0.166 246 -439 -1475 36 58 -96 584 2636 0.66 0.11 8.4
-15.3 0.157 268 -730 -686 37 54 -20 1579 46 0.68 0.12 3.8
-15.3 0.161 269 628 -1176 26 56 139 496 1208 0.76 0.02 7
-15.4 0.168 209 139 -1055 36 41 -122 1030 3902 0.61 0.1 5.2
-15.8 0.15 244 873 1662 28 51 -48 1854 1205 0.62 0.15 1.8
-16.7 0.151 220 -9 -773 29 50 -114 1994 3115 0.77 0.11 4.9
-16.3 0.166 213 -778 -1908 38 66 -308 1333 -660 0.61 0.18 3
-16 0.157 233 149 -1167 34 52 -140 1574 1312 0.78 0.14 3.8
-16.2 0.167 195 -341 -1900 28 61 -328 837 2899 0.73 0.17 1.5
-16.4 0.159 212 -579 273 35 68 172 366 2310 0.66 0.19 2.1
-15.4 0.166 255 868 -2381 31 51 10 1070 -2396 0.8 0.14 6.5
-15 0.161 268 62 -2728 30 34 171 -1305 2481 0.72 0.18 9.2
-15.3 0.155 205 621 -2259 33 10 91 -372 2627 0.8 0.18 7.8
-16.7 0.163 230 357 -791 30 23 -344 1993 -1332 0.71 0.18 3.2
-16.6 0.164 211 36 2148 26 38 97 1545 285 0.8 0.04 8.2
-17 0.166 267 155 -1155 27 22 -142 1836 4675 0.78 0.1 4.8
-16.2 0.159 241 918 626 32 70 116 1200 -627 0.64 0.1 7
-15.3 0.151 247 -355 -2025 33 62 71 -735 1232 0.64 0 4.9
-16.1 0.17 248 284 801 38 78 162 288 3368 0.62 0.19 6.2
-16.9 0.168 201 313 -2546 37 11 -189 666 2443 0.69 0.1 8.8
-16.7 0.156 260 -826 -1548 26 31 -216 519 3702 0.67 0.07 3.4
-15.6 0.162 248 -35 -1402 38 54 193 418 4854 0.72 0.13 6.1
-15 0.15 225 -800 -62 37 52 -45 1356 1335 0.71 0.02 3.9
-15.4 0.161 265 541 -2710 35 22 120 59 764 0.77 0.01 8.3
-15 0.163 250 838 622 36 60 186 146 3587 0.79 0.19 5.7
-16.8 0.154 205 -740 -913 29 33 63 319 1912 0.68 0.03 6.6
-15.5 0.158 206 795 2790 32 57 -116 1237 -1023 0.63 0.08 7
-15.8 0.161 209 -375 -786 37 28 20 1981 -1532 0.8 0.15 6.7
-15.9 0.157 234 -21 -1682 35 36 68 -93 2558 0.6 0.09 10
-16.9 0.17 266 927 -2974 34 30 -93 1631 3113 0.63 0.2 4.6
-16.5 0.154 241 606 1553 32 58 36 -1240 2321 0.73 0.04 9.4
-17 0.151 253 -477 -2787 32 55 -15 -948 4966 0.63 0.05 9.7
-16.4 0.163 211 -436 -814 37 68 88 911 1828 0.63 0.13 7.4
-16.8 0.168 266 748 1262 30 77 143 844 3857 0.68 0.09 3.6
-15 0.164 192 729 -2930 36 78 75 748 -2226 0.6 0.18 2.5
-16.3 0.155 209 -424 -270 38 20 6 581 -1346 0.73 0.06 4.7
-15.7 0.162 218 -188 -2955 30 71 41 1384 1246 0.6 0.05 8.9
-15.5 0.169 229 403 -1099 38 24 15 1724 -2848 0.63 0.01 6.3
-15 0.158 257 -794 630 37 70 -175 -178 28 0.63 0.2 4.8
-15.5 0.158 259 302 -1848 30 75 -109 -429 1603 0.7 0.04 6.3
-15.5 0.15 216 -164 198 27 64 66 954 335 0.68 0.2 7.2
-17 0.161 227 -900 325 38 27 -400 1810 -1579 0.64 0.06 2.1
-16.9 0.169 222 293 -2897 29 80 -181 -157 2329 0.75 0.14 5.7
-15 0.15 235 263 2725 29 27 159 -1513 3757 0.63 0.01 3.1
-15.3 0.168 267 -677 -1796 29 40 -30 1454 3946 0.79 0.1 6.3
-15.7 0.166 241 -683 -732 38 71 17 482 -313 0.64 0.01 6
-16.4 0.163 221 107 -2803 32 29 -315 1309 -823 0.69 0.09 4
-15.8 0.151 262 -901 143 32 23 66 1757 3058 0.77 0.01 6.1
-16.3 0.154 230 -529 -2958 31 38 -386 1564 -1625 0.73 0.1 1.9
-16.4 0.168 203 262 -1348 29 11 31 391 -281 0.7 0.07 8.3
-15 0.169 196 -757 -1436 26 20 120 1436 2382 0.73 0 6.3
-16.4 0.161 209 650 -1920 30 45 110 -916 4010 0.73 0.17 3.6
-16.8 0.158 222 139 -417 35 63 -188 1179 4433 0.8 0.18 1.6
-15.7 0.155 249 392 -2440 34 52 80 795 591 0.61 0.12 5.2
-16.5 0.167 247 142 408 31 13 186 1316 2616 0.63 0.15 9.5
-15.8 0.164 236 -588 -2472 27 13 -342 1375 -1191 0.73 0.1 3
-16.5 0.156 201 -371 -2388 34 63 -44 -308 708 0.8 0.12 7.1
-15.6 0.152 228 -643 -1350 31 23 177 -1604 3413 0.76 0.06 9.5
-16.3 0.161 218 429 2962 28 16 196 1324 534 0.65 0.14 3.9
-17 0.17 255 -13 -1662 33 53 -12 434 1332 0.78 0.2 1.9
-16.4 0.168 260 139 -2590 38 66 54 362 2939 0.7 0.05 9.7
-16.1 0.153 248 -217 54 38 47 -213 1004 1623 0.79 0 9.9
-16.9 0.156 263 -435 -1112 38 74 44 -717 4169 0.6 0.01 8.8
-15.2 0.17 236 -706 -2506 26 64 -146 1175 -1420 0.71 0.01 2.6
-15.2 0.168 263 995 -1039 32 71 -27 1829 105 0.68 0.02 3.9
-16.3 0.16 207 -551 -410 36 76 57 1329 2497 0.67 0.03 9.6
-16.6 0.168 207 511 2244 27 78 182 772 4006 0.65 0.06 3.2
-16 0.155 248 305 1008 31 69 -262 410 1129 0.67 0 4.9
-16.2 0.157 236 231 537 30 70 82 1894 -2076 0.7 0.2 6.6
-15.4 0.16 260 -963 -411 36 38 -48 -199 1878 0.61 0.01 5.9
-15 0.162 201 -32 -1220 30 12 -21 589 889 0.64 0.15 6.4
-16.6 0.15 206 974 -1592 27 28 84 -820 3089 0.72 0.18 1.2
-16.7 0.162 195 581 1620 31 46 157 1258 -2903 0.64 0.03 6.3
-15.5 0.167 193 -613 -1383 36 56 -241 928 4912 0.72 0.18 9.2
-15.2 0.156 217 -975 -1987 37 77 -264 783 4243 0.66 0.2 7
-15.5 0.159 205 -904 -1269 35 28 -174 -455 2560 0.67 0.18 2.4
-16.8 0.17 194 349 -1394 26 67 -49 1047 -1499 0.79 0.17 5.9
-15.5 0.16 230 282 -122 30 40 197 427 2691 0.62 0.03 9.5
-15.2 0.165 199 38 364 35 70 -7 1262 -262 0.74 0.01 1.5
-16.2 0.16 251 -371 8 26 36 -218 1995 4139 0.72 0.19 7.3
-16 0.152 201 -709 -216 27 57 35 745 991 0.61 0.09 2.5
-17 0.168 263 122 2426 35 70 -16 1708 549 0.62 0.14 2.6
-16.5 0.158 214 -996 1030 37 35 -6 -102 4966 0.62 0.03 6.5
-16 0.151 247 86 -1784 27 57 168 1038 2246 0.74 0.06 7.1
-15.7 0.165 228 -395 -467 26 21 102 322 172 0.7 0.1 3
-16 0.154 260 -544 -32 38 30 -364 1284 4330 0.78 0.06 8
-16.5 0.151 243 -106 1364 34 39 163 1977 -1555 0.72 0.03 4
-15.1 0.16 203 437 -778 27 76 75 999 -2007 0.63 0.17 9
-16.5 0.168 203 -956 -2522 35 13 -6 582 1884 0.68 0.1 3.1
-16 0.153 249 -104 -1684 36 53 83 1813 -2313 0.79 0.15 9.8
-16 0.154 230 -375 -2115 28 65 -11 744 2271 0.73 0.07 4
-16.6 0.16 250 916 1860 35 70 -7 1331 1350 0.72 0.03 8.5
-15.2 0.17 265 21 -2088 33 43 -376 1863 -2245 0.64 0.16 3.5
-16.7 0.162 214 -633 406 37 35 159 -210 2068 0.6 0.04 5.1
-15.9 0.158 239 -431 -376 33 53 -81 1865 19 0.75 0.06 5
-15.1 0.156 231 14 -1224 29 18 141 84 2255 0.78 0.09 2.9
-16.2 0.164 227 463 -606 30 51 13 1469 -623 0.6 0.18 3.6
-15.8 0.152 204 275 -2692 33 48 -352 795 4502 0.7 0.03 2.3
-16.8 0.167 237 50 761 34 75 14 1099 -2386 0.67 0.06 6.6
-16.6 0.154 190 -468 -1045 34 13 101 1086 4286 0.72 0.17 6.2
-16.4 0.153 217 -420 -431 34 19 179 236 4903 0.75 0.03 4
-15.6 0.169 252 -930 -1535 30 54 -104 928 -1960 0.75 0.1 6.9
-15.1 0.15 229 -213 -763 29 48 180 1368 3545 0.8 0.13 9.9
-16.8 0.15 239 2 -2254 38 23 -367 1690 2458 0.68 0.18 5.6
-15.6 0.161 201 62 -2230 33 55 172 -756 4318 0.67 0.11 7
-16 0.152 219 559 -1459 37 73 -167 1983 1559 0.67 0 1
-16 0.169 238 353 -2316 34 68 102 -688 1532 0.76 0.07 3.7
-15.7 0.163 218 -154 2893 35 53 72 1625 -2858 0.7 0.09 1.4
-15.7 0.155 195 -664 -2517 38 18 -114 60 -60 0.71 0.12 9.6
-16.8 0.152 217 82 -1498 38 33 103 -124 219 0.69 0.04 10
-15.9 0.15 229 -66 -1869 28 73 167 -465 1370 0.71 0.15 1.5
-15.4 0.17 250 -137 -996 38 66 -224 -984 4410 0.73 0 2.6
-15.7 0.161 239 377 2224 38 65 68 1848 -1828 0.76 0.11 1.6
-16.4 0.168 205 -863 -1894 38 20 195 1543 -1231 0.62 0.16 6.2
-15.2 0.161 245 -139 248 38 45 -22 1381 -1142 0.77 0.15 3.7
-15.8 0.169 193 -944 -8 38 39 -193 -46 394 0.64 0.13 8.5
-15 0.151 218 668 2780 34 74 -80 1638 -2291 0.61 0 3.5
-16.2 0.17 211 -534 168 31 75 67 946 -2426 0.75 0.01 2
-16.9 0.154 243 761 2733 31 49 104 -343 3617 0.72 0.19 6
-16.7 0.153 241 462 342 31 76 -60 1600 493 0.68 0.03 5.6
-15.1 0.165 206 -469 -1610 31 71 -55 1321 2652 0.64 0.09 1.8
-16.3 0.153 242 -795 -1577 33 13 -10 255 3628 0.72 0.07 5.2
-16.5 0.157 250 383 266 26 34 130 836 226 0.61 0.13 3
-15.3 0.157 198 -289 1541 32 74 149 -97 4789 0.78 0.14 1.5
-16.8 0.162 207 677 -2708 38 46 151 772 -185 0.68 0 5.8
-17 0.157 250 -928 727 27 49 -194 -582 2539 0.79 0.11 5.9
-17 0.153 263 778 1813 36 70 197 1141 2450 0.78 0.01 5.8
-16.2 0.159 246 379 2784 35 62 2 535 -648 0.7 0 3
-15.4 0.163 210 324 2159 27 32 171 769 3477 0.8 0.15 1.6
-16.8 0.151 217 627 -662 36 12 -67 1293 4768 0.73 0.04 1.3
-15.2 0.154 190 -400 -1028 29 24 53 166 3968 0.68 0.16 7.2
-16.4 0.158 223 -42 -2904 32 36 146 1245 1575 0.7 0.15 4.2
-16.2 0.15 265 604 2296 34 40 -5 1576 1609 0.77 0.17 8.4
-16.9 0.168 253 156 -2708 36 20 -133 -17 -107 0.68 0.11 8.3
-15.9 0.15 196 -48 881 34 54 188 1680 -509 0.64 0.13 8.3
-15.4 0.167 200 -898 -126 32 43 -333 1515 2268 0.68 0.01 6.3
-15.1 0.155 267 570 -1078 34 38 182 -132 4814 0.66 0.06 7.2
-15.5 0.152 226 -832 264 34 70 -20 -739 1671 0.65 0.04 7.2
-16.8 0.153 191 -31 -1301 33 40 -280 569 106 0.63 0.02 8.4
-15.1 0.153 236 605 162 26 22 30 1041 3272 0.73 0.05 9.2
-15.9 0.169 218 -395 -2330 37 51 -163 -266 4390 0.72 0.14 3.6
-16.6 0.17 266 -657 -1611 33 69 14 -363 1957 0.78 0.16 8.4
-16.7 0.168 227 -979 -2494 28 26 -13 1046 -285 0.79 0.2 8
-16.6 0.166 210 -794 111 27 28 -173 19 4544 0.7 0.16 2
-15.5 0.167 231 -399 -2443 26 38 173 1238 163 0.66 0.11 8
-16.1 0.169 230 991 293 37 65 155 -710 1356 0.67 0.14 2.1
-15.7 0.168 197 -412 -2307 26 47 -123 -371 1441 0.74 0.2 4
-16.3 0.151 220 113 -1602 33 24 181 281 4114 0.71 0.12 6
-15.2 0.155 211 -188 1828 27 45 -59 1917 -3670 0.71 0.09 3.1
-15.6 0.151 227 301 -677 31 29 -341 1192 3307 0.66 0.01 9.4
-16.2 0.166 247 -130 -1686 35 24 121 1128 -177 0.64 0.17 7.4
-15.3 0.155 224 -232 -1853 37 71 -156 -339 2046 0.72 0.16 8.1
-16.7 0.165 260 980 -1634 32 62 -35 698 -832 0.7 0.1 2.4
-15.2 0.162 259 831 1738 29 52 -83 1474 -1883 0.71 0.03 1.2
-15.3 0.158 269 -604 -1994 26 38 140 1994 4556 0.72 0.2 6.8
-16.1 0.163 190 218 -2734 32 53 -314 534 2258 0.72 0.18 5.6
-16.5 0.168 268 366 806 34 75 -51 329 -1257 0.74 0.15 4
-16 0.159 238 116 -994 36 71 -69 684 -1469 0.6 0.13 9.9
-16.2 0.156 204 52 -2090 37 73 -46 1599 3090 0.67 0.05 4.4
-16.7 0.163 254 -124 -2628 34 47 21 -888 2895 0.65 0.14 7
-17 0.153 260 821 -2770 30 23 188 -1400 4533 0.71 0.13 7.9
-15.3 0.166 202 -450 -1460 35 45 60 1445 -1706 0.71 0.12 2
-15.3 0.161 242 198 -1416 36 71 -38 1634 558 0.67 0.15 7.5
-16.9 0.164 239 533 -2312 31 54 -236 1533 1201 0.65 0.07 3.8
-15.1 0.164 215 -871 -2424 28 77 67 1939 -3632 0.63 0.15 4.4
-15.7 0.168 238 -466 -2267 32 62 -231 659 2937 0.71 0.2 1
-16.9 0.155 202 -782 459 31 58 161 -1489 3631 0.6 0.2 6.9
-16.3 0.156 193 -68 -2459 36 62 -323 381 -268 0.72 0.02 3.8
-15.4 0.165 235 747 -211 26 62 -92 114 2435 0.79 0.14 7.5
-16.7 0.163 220 -980 -1814 34 69 -117 -1159 4790 0.68 0.17 5.4
-16.2 0.169 202 -94 -2143 27 65 162 669 691 0.62 0.01 4.3
-15 0.17 204 -566 -2853 26 66 -82 514 -469 0.8 0.03 4.4
-16.2 0.154 190 -287 -2683 33 44 -53 1501 -1680 0.7 0.1 3.3
-16.9 0.169 257 -316 -1860 34 27 144 953 -1530 0.78 0.2 9.6
-15.6 0.167 223 -9 -2022 36 27 103 -1479 3057 0.77 0.19 3.7
-15.7 0.15 254 -425 -1007 35 34 141 846 4037 0.68 0.15 6.7
-15.2 0.154 217 737 -1363 37 49 197 1583 2478 0.69 0.14 9.7
-16.9 0.157 258 -87 474 30 47 88 -640 4521 0.62 0.05 9.6
-17 0.169 240 -253 -687 27 19 -281 1928 1423 0.64 0.16 3.5
-15.2 0.157 242 -563 -1245 30 20 -209 -358 3391 0.68 0.09 6.4
-16.8 0.162 200 -639 -1872 38 43 -230 1389 -329 0.75 0.02 3.8
-15.7 0.158 234 -422 290 32 52 -147 1128 3693 0.74 0.09 4.5
-16.3 0.167 251 -785 -2023 31 73 -94 656 3215 0.64 0.16 3.2
-16.5 0.167 232 -372 -2248 29 55 -61 632 -197 0.73 0 9.3
-15.8 0.17 246 -877 260 27 18 106 1277 2055 0.67 0.16 2.9
-16.9 0.156 201 319 -356 34 38 176 -633 1064 0.64 0.17 3
-16.4 0.158 206 -940 -2948 35 53 -135 -746 2084 0.63 0.02 7
-16.4 0.157 265 -685 -935 37 40 52 63 848 0.62 0.02 5.8
-16.3 0.152 222 -78 -1989 35 62 -106 441 4220 0.69 0.1 4.9
-16.9 0.158 249 -207 -1323 30 43 -174 1730 1136 0.76 0.15 7.2
-16.2 0.153 238 -740 -119 31 27 118 1458 -2156 0.71 0.14 3.6
-15.6 0.156 261 72 -1717 32 18 -242 1661 4249 0.61 0.01 5.9
-15 0.166 233 534 1992 28 54 -120 721 3905 0.69 0.09 6.7
-16.4 0.157 195 542 -2760 29 30 187 -931 3871 0.6 0.04 1.6
-15 0.157 193 730 980 32 37 34 1059 -1759 0.63 0.05 6.1
-15.3 0.15 256 440 312 29 74 160 -185 3512 0.77 0.13 9.8
-15.5 0.162 237 -541 -1090 26 67 88 1555 -121 0.71 0.14 8.8
-15.2 0.17 242 416 552 38 62 6 1968 -1517 0.76 0.05 8.4
-16 0.15 259 -907 -2291 38 52 67 -421 4340 0.64 0 9.4
-16.6 0.17 221 -350 -1402 27 22 110 408 4494 0.75 0.15 4.1
-15.8 0.167 194 -890 -2145 28 53 -136 1639 2154 0.75 0.04 6.8
-16 0.165 239 44 -529 36 58 57 1650 -283 0.61 0 1.4
-16.5 0.165 198 672 -2741 37 11 -75 -1078 3248 0.68 0.13 1.2
-16.4 0.159 224 -979 514 31 52 190 240 297 0.79 0.16 3.3
-16.8 0.165 214 333 -36 31 32 38 1171 1072 0.65 0.02 1.9
-16.6 0.15 206 791 1027 28 32 -363 1013 2949 0.65 0.14 6.9
-15.3 0.158 211 118 557 27 35 35 1505 568 0.65 0.2 9.4
-15 0.152 226 -59 2501 29 80 163 1978 -3505 0.61 0.13 2.1
-15.8 0.163 260 -603 -1586 38 44 -105 1096 830 0.63 0.07 8.5
-16.7 0.156 266 859 845 37 35 50 1928 -265 0.77 0.12 4.5
-15.2 0.158 264 -198 -353 32 27 174 -282 4126 0.6 0.13 10
-16.1 0.151 257 -200 -1992 34 48 -63 760 638 0.64 0.2 9.4
-16.5 0.163 194 -334 -1477 27 37 4 802 3989 0.79 0.11 5.6
-16.8 0.158 247 344 -1932 37 41 81 -453 4223 0.74 0.08 1
-15.6 0.155 234 718 -2978 32 61 -246 602 1823 0.69 0.14 1
-15.2 0.159 222 -402 -1065 27 30 -301 1581 -460 0.68 0 6.3
-16.1 0.16 198 -814 -1392 37 79 27 1619 1511 0.66 0.11 2.7
-15.3 0.163 191 172 -2302 32 53 24 1154 -1448 0.78 0.03 1.5
-15.6 0.159 222 -466 -1668 32 30 -104 1623 888 0.6 0.2 6
-15.9 0.161 226 822 563 31 58 -230 1715 2153 0.76 0.1 5.2
-15.2 0.15 195 -305 -2911 26 34 -77 1997 2456 0.7 0.17 8
-15.8 0.167 196 489 -2050 27 53 -37 1705 -3189 0.75 0.02 4.7
-16.4 0.153 194 -309 -2481 30 33 179 285 4547 0.69 0.12 1.5
-15.2 0.166 214 -880 -2502 26 39 -25 454 3475 0.64 0.15 8.2
-15.4 0.168 213 150 -1717 38 62 -393 1980 -1344 0.69 0.15 3.3
-15.6 0.16 194 -930 -702 34 37 42 1571 1292 0.68 0.14 8.8
-15.6 0.155 209 230 -479 38 27 75 1750 3273 0.7 0.06 1
-15.9 0.155 198 818 1625 32 21 125 -1188 3291 0.76 0.07 6.2
-17 0.159 207 -934 -131 35 20 -231 -289 2504 0.8 0.16 8.6
-15.2 0.152 202 787 -1435 36 55 78 1910 3976 0.75 0.1 3.6
-16.6 0.158 242 989 -1217 29 55 -11 525 4120 0.77 0 6.1
-16 0.169 235 77 -461 36 40 -144 1643 1714 0.76 0.17 9.8
-15.8 0.163 242 -874 76 33 28 89 1736 1717 0.64 0.03 5.9
-16.9 0.164 270 262 670 26 17 196 1788 3437 0.61 0.02 8.1
-15.1 0.157 235 -925 -959 36 62 40 1983 2699 0.79 0.17 4.9
-16.3 0.166 208 520 1142 29 15 -366 1285 895 0.74 0.06 5.3
-15 0.165 209 903 2241 29 67 123 -40 2658 0.7 0.04 4.9
-16.8 0.167 215 422 -2427 28 10 -39 1109 2989 0.62 0.07 3.1
-16.4 0.158 235 859 -2246 28 48 116 1873 -3127 0.74 0.2 1.5
-16 0.151 257 -268 -2858 36 13 -116 1832 4898 0.67 0.03 9.8
-16.4 0.165 194 646 1102 28 78 73 -720 994 0.73 0.04 6.5
-15.3 0.156 242 954 2147 32 76 -163 -227 1672 0.77 0 2
-16.1 0.165 194 151 -2774 28 71 59 1570 -1031 0.62 0.19 2.1
-15.1 0.15 217 -81 -1916 31 40 -35 232 3397 0.62 0.03 2.1
-15.5 0.169 220 310 -1798 32 35 -100 194 3036 0.62 0.06 2
-16.7 0.168 236 -105 -1942 32 80 -110 1690 -436 0.68 0.02 3.9
-16.8 0.17 260 -955 565 31 47 -345 1425 3453 0.72 0.13 4.2
-15.9 0.153 233 -109 1005 30 36 173 1798 -4114 0.6 0.16 5.7
-15.1 0.158 197 -977 -2651 32 35 -109 1011 4533 0.71 0 9
-15.2 0.165 217 -141 174 32 63 128 1873 -1555 0.72 0.05 2.3
-15.7 0.155 245 281 345 33 62 92 513 -579 0.73 0.12 2.4
-15.8 0.162 249 -252 1750 38 26 131 1251 1389 0.63 0.18 1.4
-15.5 0.17 211 -979 -1913 37 11 40 1282 1643 0.79 0.08 2.9
-16.9 0.157 269 222 -359 32 48 95 -181 84 0.72 0.08 8.1
-16.6 0.167 194 -565 -1606 37 20 -318 1813 -1489 0.78 0.01 3.7
-15.4 0.169 210 -547 -1833 36 43 -159 -499 3706 0.76 0.11 7.8
-15 0.152 238 823 -431 31 28 98 835 -1600 0.71 0.18 1.6
-16 0.156 197 -873 -2858 37 57 -367 326 745 0.71 0.2 9.4
-15.5 0.168 200 384 -412 37 34 170 1298 3096 0.71 0.11 3.9
-15.3 0.161 245 826 -1192 35 71 -121 1152 1383 0.62 0.01 4
-17 0.162 194 165 -565 32 28 57 1331 -925 0.71 0.03 8.5
-15 0.162 265 915 -2317 36 37 -337 1913 -2393 0.68 0.15 7.5
-16.7 0.155 241 598 2044 29 43 179 1926 -1902 0.66 0.16 5.7
-16.6 0.151 233 -354 331 29 26 30 1957 -3859 0.77 0.18 9.1
-17 0.158 199 -356 -1560 30 21 -353 503 3597 0.63 0.07 6.5
-15.8 0.158 245 133 1399 29 79 110 1873 4859 0.77 0.13 6.5
-16.5 0.15 270 -190 -2329 31 37 -103 410 -817 0.73 0.18 2.8
-16.7 0.167 252 122 -2846 32 37 160 965 -1565 0.79 0.08 3.8
-16.4 0.161 243 145 -169 29 78 -22 1267 3405 0.7 0.04 1.6
-16.7 0.164 192 -818 -1808 31 29 -40 937 2628 0.61 0.17 9.3
-15.1 0.167 253 -689 -704 30 14 -22 196 3995 0.69 0.1 9.7
-15.3 0.158 240 190 1180 28 22 -375 1678 556 0.79 0.19 1.1
-16.7 0.164 261 -688 -2019 33 24 -271 951 4876 0.69 0.13 6.9
-16.4 0.157 196 598 -1138 29 58 173 1499 2394 0.62 0.06 5.4
-16.2 0.161 203 -71 447 31 35 138 1469 604 0.79 0.13 3.7
-15.4 0.164 248 368 -1913 36 62 -264 1128 1672 0.7 0.1 6.7
-16.5 0.152 192 373 2561 26 49 200 1653 3135 0.8 0.01 9.9
-15.7 0.155 258 150 -754 34 45 -278 1773 2594 0.7 0.06 9.4
-15.7 0.163 210 -790 -1766 36 59 -147 565 3199 0.78 0.19 3.1
-16 0.151 208 589 -449 37 22 -199 1662 2878 0.68 0.14 5.6
-15.5 0.161 195 -484 -2511 38 44 -43 -753 3560 0.77 0.18 9.7
-15.3 0.165 217 996 -1694 38 18 33 1966 -2739 0.8 0.16 2.5
-16.4 0.163 194 40 -2495 33 48 -24 -1055 3623 0.75 0.06 1.2
-15.2 0.154 240 526 -2289 30 29 156 -127 218 0.63 0.15 1.3
-15.7 0.15 257 976 -2240 37 72 154 -1483 2237 0.7 0.09 5.9
-15.7 0.157 229 -216 -2594 31 62 -71 -610 4144 0.65 0.15 2.3
-17 0.15 265 -146 -777 27 20 -35 514 2179 0.63 0.18 6
-15.4 0.151 235 825 360 35 23 174 451 3335 0.68 0.2 1.6
-15.8 0.165 204 973 -1270 38 60 -96 -664 4701 0.77 0.05 9.7
-16 0.164 257 182 -283 30 48 176 78 1126 0.61 0.12 6.6
-16.9 0.152 193 285 -2950 38 53 178 102 3550 0.76 0.06 2.1
-16.2 0.169 253 1 -1313 35 48 56 -1836 3787 0.8 0.04 1.4
-15.1 0.156 228 -61 598 29 22 -360 1407 1093 0.68 0.18 3.7
-15.5 0.151 218 -167 -2498 36 47 58 1681 4459 0.77 0.15 7.7
-15.8 0.159 204 842 -717 32 23 -388 1960 478 0.68 0.13 5.7
-16.8 0.17 252 -734 -1017 36 53 -57 1890 4500 0.72 0.11 3.7
-15.2 0.166 243 99 -887 35 77 18 324 2684 0.68 0.11 9.2
-16.7 0.162 195 223 680 36 38 119 468 -81 0.6 0.09 6.6
-16.4 0.167 220 -153 -1728 36 60 154 -1137 3028 0.72 0.02 1
-16.5 0.163 202 -831 -2512 37 40 -236 1966 4097 0.72 0.02 4.2
-16.9 0.163 204 160 888 35 14 -331 1174 1395 0.66 0.19 5.1
-15.8 0.159 267 542 2252 31 69 -90 873 4003 0.65 0.1 9.8
-16.8 0.153 245 967 -2979 37 31 139 616 -1846 0.69 0 1.9
-16.3 0.168 245 77 -2035 26 67 -26 726 1401 0.68 0.07 2.5
-15.3 0.164 209 -151 864 31 51 188 1696 -365 0.7 0 6.5
-15.3 0.169 193 506 -1363 31 61 138 343 3624 0.62 0.19 5.7
-16.3 0.167 219 757 -218 26 10 138 150 847 0.62 0.18 1.9
-15.1 0.154 266 31 -2599 32 58 92 1646 4784 0.72 0.19 7.3
-15.4 0.163 234 -640 -2201 29 27 -116 1696 -1227 0.79 0.03 3.3
-15 0.159 228 -936 478 35 62 167 116 3404 0.7 0.06 5
-15.6 0.16 263 -2 -2412 27 14 -277 1897 282 0.71 0.11 8.9
-15.3 0.156 249 464 1715 35 50 193 518 -1659 0.79 0.16 9.7
-16.8 0.158 233 -999 -2454 35 57 -183 542 3708 0.73 0.02 2.7
-16.7 0.16 226 -190 -2682 29 23 -207 1966 2412 0.66 0.08 8.3
-15 0.155 202 -301 -434 28 52 120 1698 3047 0.66 0.13 9.2
-16.1 0.151 230 -170 -250 27 49 177 1731 -4136 0.72 0.09 1.9
-16.8 0.152 242 282 -2782 26 80 168 -391 3487 0.69 0.14 8.7
-15.7 0.162 228 252 872 38 58 -56 1664 -1375 0.69 0.01 2.5
-15.3 0.161 223 132 -1108 31 12 -71 1378 639 0.64 0 8.9
-15.4 0.169 203 -202 -2420 31 24 26 1026 -2142 0.71 0.14 7.2
-16.2 0.154 266 749 -1702 37 52 178 1439 3911 0.6 0.07 4.1
-16.8 0.16 217 648 -899 35 77 48 1784 -2077 0.66 0.18 2.9
-15.5 0.162 252 -657 -1401 36 79 -60 -368 2369 0.64 0.1 2.3
-16.1 0.159 267 790 -2452 27 53 151 1477 -1392 0.76 0.17 7.8
-15 0.155 256 -102 89 27 17 28 123 311 0.71 0.13 1.2
-16.8 0.161 202 920 831 35 19 -354 517 2286 0.7 0.17 5.7
-16.6 0.157 260 795 141 30 19 -76 1774 1591 0.76 0.03 5.8
-16.6 0.16 265 787 -1602 34 44 -186 362 497 0.66 0.17 9.4
-15.6 0.156 253 818 -1608 29 47 165 1895 -402 0.63 0.13 2.2
-16.3 0.156 190 642 2459 33 38 103 88 1141 0.65 0.11 4.1
-15.4 0.163 245 -249 -1386 37 61 -131 -789 3559 0.8 0.11 9.2
-15.6 0.155 206 -594 -952 38 33 -339 1106 -1308 0.68 0 5.3
-16.5 0.152 240 -569 -2669 26 80 37 302 4997 0.63 0.14 6.6
-17 0.153 234 -280 -1865 29 35 41 18 4907 0.72 0.15 1.2
-16.4 0.159 244 -771 -163 30 24 -137 -57 259 0.68 0.17 6.4
-15.7 0.159 220 423 946 32 64 -2 898 -750 0.74 0.12 6.8
-16.2 0.162 227 -727 -1837 37 23 -337 1173 617 0.79 0.06 9.5
-16.4 0.162 261 18 -1104 29 59 69 1206 7 0.75 0.1 9.3
-15.7 0.165 270 652 2741 34 67 -95 1907 2659 0.72 0.08 5
-15.3 0.169 211 -690 -2736 28 70 158 522 -1036 0.73 0.15 3.2
-15.4 0.151 203 711 -1095 34 50 24 -1140 4206 0.79 0.15 8.5
-15.6 0.166 269 967 -571 29 13 -318 1337 172 0.76 0.09 3.7
-15.9 0.161 262 -300 238 31 30 -17 1383 1622 0.73 0.02 5
-16.3 0.162 237 -141 -540 37 60 -39 1397 -574 0.75 0.2 3.6
-15.4 0.17 256 999 -2723 34 60 -111 44 3671 0.68 0.02 3
-16.9 0.166 237 -874 -1752 35 42 63 1368 2348 0.77 0.02 1.1
-16.6 0.155 233 -46 -2728 26 46 32 86 3259 0.74 0.16 2.1
-15.4 0.168 247 571 676 37 68 -86 -381 2761 0.8 0 3.3
-16.3 0.157 268 -882 -500 34 46 -261 1927 3342 0.78 0.19 9.1
-15.4 0.17 233 275 -1561 38 78 -160 1440 4079 0.63 0.13 3.1
-16.9 0.161 196 -22 -2789 36 14 1 -67 -275 0.66 0.01 3.5
-16.9 0.167 261 103 -197 35 65 108 1381 -3288 0.73 0.03 7.7
-15.5 0.166 206 -780 -426 31 73 -250 1489 4459 0.72 0.12 1.5
-16.8 0.164 201 75 -2690 32 32 -29 1506 -2182 0.67 0.02 3.6
-15.9 0.15 222 -991 -1672 29 35 139 1608 -3100 0.61 0.02 9.9
-15.4 0.16 239 -87 -2333 31 28 100 69 1321 0.71 0.07 2.7
-16.2 0.151 228 696 -761 32 32 -61 395 1633 0.8 0.02 3.8
-16.6 0.168 192 869 1197 30 33 188 59 2757 0.73 0.08 5.3
-15.6 0.165 209 -187 941 33 52 107 496 3073 0.7 0.2 6.9
-16.3 0.165 261 80 22 35 51 -88 1165 643 0.74 0.18 4.8
-17 0.163 228 567 -2566 27 70 -190 781 515 0.63 0.07 1.7
-15.4 0.164 252 154 -2792 33 10 -238 1504 280 0.68 0.05 3.1
-16.7 0.157 257 -574 -920 36 70 -239 1058 4802 0.72 0.09 8.7
-15.5 0.164 202 -804 -2836 27 56 195 1028 4193 0.73 0.17 2.6
-15.2 0.163 265 37 -2049 37 79 84 987 3832 0.75 0.13 9.1
-16.3 0.153 230 -504 -2983 36 79 104 -322 -121 0.64 0.01 9.3
-16 0.153 242 777 1461 26 56 -44 1739 3460 0.71 0.11 8.6
-16.4 0.162 234 342 35 32 72 -113 1951 3312 0.64 0.13 6.8
-16.6 0.156 233 789 -2135 32 71 -123 1847 3760 0.71 0.15 2.2
-16.5 0.166 204 912 1464 26 14 -272 1597 -1589 0.62 0.17 8.1
-16.8 0.157 198 -177 882 34 29 -46 1949 -2887 0.75 0.18 9.9
-16.4 0.163 260 -296 -1502 32 34 62 -1200 3979 0.74 0.11 8.2
-16.5 0.152 246 -4 -863 33 51 101 -616 1484 0.71 0.04 3.1
-15.7 0.165 211 290 -2135 35 56 -107 1857 253 0.79 0.16 8.9
-16.5 0.151 203 857 2671 33 27 14 1212 4481 0.64 0.1 4.8
-16.7 0.15 226 -990 -2295 30 55 -225 766 644 0.67 0.18 5
-16.9 0.163 217 -804 -1599 27 41 50 874 -1463 0.73 0.18 9.4
-15 0.159 215 381 -1327 37 36 177 -49 3874 0.7 0.12 8.6
-15.8 0.157 236 671 -344 30 67 103 934 3794 0.78 0.12 1.8
-15.1 0.157 236 362 -2468 35 26 -73 927 -1210 0.75 0.16 1.5
-16.3 0.165 263 -280 2154 34 35 44 1977 -450 0.8 0.09 2.5
-16.9 0.168 239 -768 -2445 32 38 -70 222 1053 0.61 0.04 9.6
-15.1 0.154 243 455 -1204 33 33 -158 1061 -1697 0.8 0.09 5.4
-15.7 0.17 259 -880 -1984 26 74 138 -25 26 0.67 0.06 6.9
-15.2 0.166 236 -101 2929 34 49 102 354 968 0.64 0.04 4.8
-16.8 0.151 205 925 2654 29 67 -58 -1267 3999 0.62 0.18 8.4
-16.6 0.164 221 -763 -1695 32 68 -133 1946 -383 0.71 0.18 5.1
-15.3 0.159 245 -87 -635 34 28 -17 881 -1383 0.67 0.04 8.9
-15.4 0.165 214 929 -673 31 12 121 1492 741 0.73 0.02 1.2
-15.9 0.153 192 -810 261 35 66 112 -533 585 0.73 0.17 5.6
-15.2 0.158 222 669 1443 37 10 -232 1072 -1585 0.69 0.16 2.4
-15.1 0.154 263 -504 -518 33 49 -211 1939 -1515 0.74 0.14 4
-16.3 0.165 255 150 -2254 27 39 -57 -84 3331 0.68 0.09 8.3
-16.9 0.162 190 264 -1088 34 80 -29 1860 194 0.8 0.11 3.1
-15.6 0.168 255 982 2264 32 75 -130 864 3813 0.75 0.09 7
-16.1 0.16 251 -859 -1045 34 26 87 -762 1603 0.72 0.03 5.4
-16.5 0.156 191 -930 -98 38 78 99 977 3303 0.74 0.11 4.9
-15.2 0.157 213 900 -856 29 70 137 1680 -943 0.66 0.15 8.8
-15.6 0.165 268 969 -1445 37 73 125 912 1536 0.65 0.04 1.9
-16 0.167 252 -29 -2194 28 56 174 785 -2296 0.72 0.01 4.8
-16.6 0.167 267 212 -2575 26 44 189 878 2709 0.66 0.01 4.8
-15.3 0.158 201 -622 -94 26 79 -127 -843 2572 0.7 0.16 8.3
-16 0.159 237 -304 -1111 26 13 -76 -683 3334 0.73 0.14 4.7
-15.9 0.161 210 -637 -2574 28 49 72 123 4328 0.66 0.17 1.9
-16.5 0.151 243 -865 -1256 32 66 134 1633 2289 0.8 0.04 9.9
-15.1 0.159 237 249 -763 34 51 148 656 945 0.69 0.08 2.2
-16.7 0.154 257 -56 712 31 36 -1 1962 -2104 0.75 0.05 6.3
-15.5 0.16 191 622 2387 37 46 122 1736 2289 0.73 0.18 8.4
-15.2 0.167 220 -162 -2297 38 63 64 1033 3397 0.67 0.06 3.6
-16.5 0.16 194 661 -2371 27 10 165 1908 -2411 0.61 0.16 4
-15.1 0.154 252 -247 -192 31 50 -137 738 -1058 0.78 0.02 6.3
-15.2 0.155 240 -47 -531 37 27 142 1569 2846 0.76 0.13 4.5
-15.2 0.163 270 2 -2372 37 30 42 -1138 1976 0.6 0.15 5.2
-16.7 0.156 235 674 -720 35 41 -182 1346 1229 0.6 0.11 4.5
-15.6 0.162 193 145 -1499 27 73 67 1428 1319 0.69 0.11 2.8
-15.4 0.163 269 -669 -676 26 32 149 80 4709 0.74 0.17 4
-15.4 0.156 225 165 -706 37 46 99 -143 619 0.79 0.08 3.5
-15.4 0.17 220 511 -1266 34 67 51 -666 4859 0.68 0.07 1.2
-15 0.164 253 111 1128 27 74 192 -1353 3803 0.79 0.09 4
-16.7 0.16 250 236 -2348 28 42 -299 1463 3414 0.8 0.09 1.6
-16.6 0.168 262 -667 -2703 35 63 -267 1142 4359 0.61 0.17 2.8
-15.8 0.169 193 983 492 26 25 132 1284 -1649 0.75 0.05 3.3
-16.9 0.169 263 479 -2597 27 38 -20 1691 -2391 0.65 0.09 6.7
-16.4 0.163 223 -91 -1529 27 27 -20 598 492 0.64 0.03 2.3
-16.4 0.168 213 300 -2317 32 24 -306 1219 -542 0.68 0.17 3.1
-16.6 0.164 253 -811 -1479 29 49 -50 1420 2133 0.72 0.03 3.3
-16.4 0.167 240 -953 57 33 22 82 910 -92 0.72 0.15 8.3
-15 0.153 230 -922 -740 33 38 191 -982 4360 0.77 0.14 4.7
-16.1 0.155 200 -817 -1186 27 51 -26 -477 891 0.63 0.03 9.2
-15.7 0.164 196 83 -1745 35 19 26 1678 430 0.69 0.2 4.7
-16.8 0.158 242 586 -1200 38 29 86 -133 3569 0.8 0.2 9.7
-15 0.157 252 -877 689 37 38 119 577 4724 0.61 0.15 8.2
-16.2 0.16 229 15 -2337 37 45 -80 1523 -1645 0.65 0.16 4.9
-15.8 0.164 224 -863 758 34 62 104 598 -800 0.72 0.15 6.5
-16 0.16 191 -384 -1346 26 21 -187 559 4608 0.7 0.03 8.8
-15.4 0.152 229 460 224 37 47 108 1591 -780 0.7 0.05 8.5
-15.5 0.163 252 789 -1734 29 78 89 642 164 0.69 0.18 2
-16.7 0.169 265 46 -2719 36 80 47 1485 1710 0.68 0.04 4.8
-15.3 0.16 192 -584 -1499 31 37 -166 -588 2472 0.67 0.15 5.7
-16.2 0.162 269 675 -1362 36 52 19 575 4691 0.6 0.07 6
-15.5 0.161 244 703 128 35 78 60 1861 -3883 0.68 0.09 4.3
