-15.2 0.168 248 -267 2551 31 47 -141 1354 -2370 0.6 0.13 6.3
-15.1 0.155 217 -143 -30 30 42 -140 677 3770 0.75 0.2 5.2
-15.7 0.158 237 -277 -599 32 48 -172 717 3411 0.69 0 4.7
-16.8 0.167 257 73 -938 32 47 -155 668 1395 0.63 0.09 5.4
-15.8 0.166 252 -421 88 30 47 -133 1072 2001 0.73 0.07 2.7
-16.6 0.163 244 -162 693 33 45 -149 1150 2495 0.74 0 9.6
-17 0.163 242 -307 -292 31 42 -183 978 3482 0.7 0.1 5
-15.4 0.157 206 33 -680 30 45 -145 634 3206 0.64 0.08 1.1
-17 0.17 235 206 -930 32 50 -140 446 -786 0.71 0.2 4.9
-16.3 0.168 270 541 808 31 45 -164 274 2395 0.78 0.03 6.6
-15.8 0.158 201 112 2061 30 44 -115 682 -59 0.73 0.07 7.5
-15.2 0.159 248 -421 -269 31 40 -201 928 3200 0.77 0.13 5.8
-15.7 0.165 242 -188 -701 32 47 -146 931 2831 0.72 0.2 2.4
-15.8 0.163 249 -300 -398 32 48 -203 296 3426 0.62 0.19 6.7
-16.5 0.162 215 -71 -316 33 45 -127 1205 3167 0.66 0.01 7.3
-15.2 0.158 229 -198 1174 30 44 -143 725 -1 0.68 0.01 5.7
-15.8 0.166 239 -331 577 32 43 -144 1372 3204 0.62 0.1 8.2
-15.4 0.162 247 -117 -784 29 45 -135 453 3800 0.8 0.04 4.9
-15.8 0.168 232 220 -145 33 51 -109 376 -507 0.79 0 2.3
-16 0.154 226 -345 -256 30 42 -195 834 4214 0.68 0.05 4.9
-16.7 0.166 247 -311 -22 32 48 -149 1097 1600 0.71 0.15 8.4
-15 0.154 218 -173 -853 31 43 -162 493 2983 0.79 0.1 4.2
-16.5 0.164 217 48 -1024 33 42 -151 653 1986 0.73 0.18 9.2
-15.5 0.161 254 -169 -865 29 41 -163 719 4911 0.76 0.12 9.1
