-17 0.152 251 -83 197 28 13 7 717 4347 0.68 0.1 8.5
-16.3 0.155 269 446 1520 34 15 -21 1539 -2273 0.69 0.16 5.3
-16 0.155 197 896 -2558 32 37 -234 1656 298 0.69 0.19 1.4
-15.2 0.163 202 363 -685 31 45 -312 349 3456 0.72 0.2 6
-15.4 0.169 242 -570 1078 37 27 117 -115 60 0.72 0.17 7.8
-16.1 0.169 241 -121 1949 34 59 193 1818 3513 0.66 0.11 5.6
-16.8 0.158 236 754 -360 35 71 30 1203 2066 0.75 0 9
-15.9 0.159 195 427 -66 34 58 -281 1667 3659 0.78 0.11 2.2
-16.3 0.155 244 353 84 35 61 167 -157 4402 0.66 0.09 5.7
-15.7 0.158 239 973 -2098 34 34 -75 91 3293 0.6 0.05 6.8
-15.9 0.169 211 941 -1520 36 59 -127 1269 -4780 0.63 0.14 7.4
-15 0.15 196 -12 1617 38 27 -184 1077 0 0.75 0.14 7.2
-15.6 0.162 260 517 2020 35 37 162 423 -1379 0.71 0.09 4.6
-16.8 0.166 266 -658 636 26 34 -225 39 3259 0.77 0.15 3.9
-15.6 0.16 211 423 -730 28 26 -138 -122 3612 0.8 0.09 1.3
-15.2 0.156 202 996 837 32 76 15 1262 415 0.72 0.03 9.6
-16 0.16 203 953 446 29 47 19 668 -4026 0.71 0.12 7
-16.8 0.158 234 194 667 38 64 -92 -53 1501 0.74 0.08 5.4
-16 0.164 233 -447 633 29 59 -82 1753 -2646 0.68 0.12 8.1
-15.2 0.169 262 540 -1976 33 12 82 89 3617 0.65 0.18 6.3
-16.2 0.167 232 880 -480 33 63 129 -648 -3105 0.75 0.15 9
-16.6 0.158 269 258 1087 37 35 116 1177 -711 0.61 0.1 5.4
-15.8 0.157 227 256 2667 31 13 -133 384 2483 0.78 0.02 1.9
-15.3 0.167 243 461 858 30 47 -1 -706 3692 0.69 0.19 3.5
-15.1 0.152 223 673 2776 30 47 -78 1273 4299 0.73 0.05 9.5
-15.8 0.152 210 774 -1823 28 69 -38 493 3387 0.74 0.08 8.9
-16.6 0.164 222 773 476 30 41 20 1337 2920 0.77 0.05 3.4
-16.7 0.161 195 998 1501 27 21 -145 1093 -2865 0.69 0 9.4
-16.3 0.169 206 -772 1747 35 11 49 -1542 3950 0.73 0.07 4.4
-16.6 0.156 191 829 1713 31 61 99 1512 -3704 0.67 0.19 4.2
-16.3 0.151 236 553 2066 32 68 -14 -259 -1477 0.67 0.05 9.3
-15.3 0.158 192 -784 2847 37 57 101 -1047 2170 0.72 0.04 3
-17 0.159 223 866 -2866 32 36 116 1176 1095 0.66 0.13 6.9
-16.1 0.163 246 632 -191 28 38 159 -131 -1216 0.7 0.04 9.1
-15.2 0.152 222 -226 2079 26 42 60 -830 4620 0.8 0.2 7.7
-16.3 0.166 206 202 257 29 24 -55 55 2477 0.72 0.2 8.2
-15.5 0.163 222 170 333 32 53 155 456 -2436 0.6 0.13 4.1
-16.1 0.151 226 836 -363 37 80 -70 -1503 3464 0.63 0.13 6.9
-15.8 0.161 228 507 -1006 28 46 -172 1313 4671 0.6 0.06 5.1
-15.2 0.167 210 468 2038 31 60 -157 105 256 0.61 0.08 8.1
-16.1 0.155 212 99 2294 37 57 -65 1032 4020 0.77 0.15 3.1
-15 0.155 220 -401 1473 38 64 -143 567 -362 0.62 0.03 8.8
-16.9 0.168 195 990 -1381 32 58 49 1779 1897 0.79 0.03 8.4
-15.7 0.157 232 -94 641 34 11 92 -491 418 0.8 0.15 8.2
-16.9 0.161 221 -37 -655 31 49 165 796 896 0.6 0.05 4.5
-15.4 0.17 214 153 312 27 45 -100 919 -4174 0.64 0.03 4.5
-17 0.161 200 149 2816 34 24 -62 1323 -2071 0.66 0.2 9.9
-15 0.167 252 373 2052 34 64 -162 341 -800 0.76 0.1 7.2
-16.5 0.156 249 -408 -161 37 75 135 -998 2524 0.74 0.09 5.3
-16.2 0.167 241 890 -418 38 66 -174 -1013 3287 0.6 0.04 1.8
-15.2 0.15 267 649 2214 32 63 199 -330 -2884 0.68 0.02 4.2
-16.8 0.154 221 647 2396 38 68 -150 1270 2250 0.69 0.08 6.3
-15.4 0.155 256 407 2388 37 39 -291 218 309 0.67 0.15 9.8
-15.6 0.166 227 472 -2030 30 10 -136 1222 4331 0.71 0.11 6.2
-15.7 0.161 231 414 73 35 79 23 1786 -1178 0.73 0.03 5.4
-17 0.156 236 -359 910 36 62 42 746 -3703 0.75 0.06 1
-17 0.155 229 870 2806 33 72 -193 1477 -4935 0.64 0.06 3
-15.5 0.163 254 868 97 36 67 -216 312 -1771 0.62 0.01 7.2
-16.6 0.159 231 -355 259 38 53 -396 1926 270 0.73 0.13 2.7
-15.9 0.162 196 612 -2346 31 62 -206 639 38 0.7 0.18 2.5
-16.1 0.155 223 -91 2727 38 44 -296 740 158 0.79 0.12 4.6
-15.8 0.163 233 -298 2518 37 15 -297 1408 -166 0.8 0.02 6.4
-16.6 0.153 241 201 -87 27 12 -194 1140 4171 0.68 0.19 3.4
-16.5 0.158 254 -716 521 33 67 8 66 3233 0.73 0.11 4.4
-15.5 0.169 252 -998 2197 32 39 -164 621 380 0.73 0.07 5.3
-15.1 0.166 252 -473 1666 27 57 -60 1635 -1973 0.61 0.02 5.3
-16.5 0.152 235 365 1307 35 65 -245 -404 4972 0.63 0.04 2
-16.7 0.167 194 -447 715 33 34 173 -566 -72 0.63 0.05 5.7
-15.8 0.168 214 908 -2928 37 25 145 -975 4503 0.65 0.18 2
-16 0.167 200 -728 823 27 60 -23 1482 3666 0.65 0.12 1.2
-15.9 0.17 219 867 300 38 31 38 310 -440 0.63 0.03 8
-15.2 0.157 249 295 -1006 30 27 -319 1248 -1537 0.62 0.19 2.7
-16.5 0.162 226 990 -23 37 76 94 -217 -4612 0.65 0.14 2.3
-16.7 0.16 255 367 -44 27 47 145 -261 -2695 0.69 0.05 8.3
-16.1 0.16 238 -29 1525 26 28 -301 1480 536 0.77 0.2 5.6
-15.6 0.167 223 -496 2404 29 22 60 1696 3141 0.71 0.11 5.4
-17 0.161 253 187 2494 28 12 31 43 -930 0.61 0 1.6
-16.2 0.153 241 561 1178 26 27 -76 1326 -372 0.73 0.2 7.6
-15.4 0.169 269 516 -1752 37 22 198 658 -1535 0.76 0.04 6
-16.3 0.164 198 -114 2550 33 75 33 666 1996 0.6 0.16 3.3
-16.7 0.169 265 558 -406 32 15 -352 504 4451 0.6 0.14 4.9
-16.8 0.159 246 926 -1678 34 22 143 1245 3484 0.65 0 6.1
-16.1 0.155 231 -107 2397 26 36 149 110 1307 0.6 0.2 1.5
-15.3 0.167 258 49 -592 33 41 42 958 -2286 0.8 0.15 7.2
-16.9 0.15 222 114 656 36 40 -183 -293 2976 0.62 0.1 5.3
-15.4 0.162 208 942 327 37 49 57 541 -2790 0.64 0.08 5.5
-16.8 0.165 225 853 1690 27 65 97 -1812 4582 0.77 0.03 6.1
-16.9 0.159 224 467 889 36 57 -27 -818 501 0.8 0.14 3.1
-15.5 0.15 238 -260 1950 28 24 -1 1604 1146 0.66 0.15 3.9
-16.6 0.166 236 544 2522 38 79 148 1259 1969 0.78 0.08 9.2
-16.9 0.166 223 85 1002 32 35 170 38 -1767 0.73 0.19 9.6
-16.6 0.157 226 143 1822 37 21 -56 1972 -4127 0.68 0.13 4.1
-15.2 0.161 250 800 -1298 37 21 -257 985 3119 0.77 0.17 2
-16.1 0.169 249 531 -1687 30 51 -51 1472 -3052 0.74 0.12 5
-16.7 0.161 269 733 2795 28 22 120 -455 -2748 0.76 0.19 1.7
-15.2 0.168 214 657 -287 33 73 130 1473 68 0.79 0.05 8
-15.4 0.166 204 928 -884 29 59 62 1981 3329 0.72 0.11 2.2
-16 0.156 244 458 -590 28 77 -25 -1705 4699 0.63 0.11 8
-16.5 0.159 258 450 44 29 27 -116 696 3322 0.8 0.19 4.8
-16.5 0.155 243 -299 797 26 18 -108 594 -1741 0.66 0.07 2.3
-15.8 0.166 255 266 -542 35 28 -122 639 77 0.61 0.18 5.3
-15.5 0.164 231 -830 1987 35 42 169 32 -1212 0.62 0.08 9.2
-16.5 0.163 206 148 -937 26 63 -32 63 4090 0.75 0.18 6.7
-16.6 0.161 215 705 1571 30 64 13 164 624 0.68 0.06 10
-15.7 0.157 251 992 1869 33 80 71 -1230 1750 0.77 0.15 5.3
-16.7 0.167 249 19 2940 37 60 -202 1967 -3116 0.65 0.18 3.3
-16.4 0.169 225 714 -1894 29 67 94 -1179 1069 0.68 0.07 1.6
-15.8 0.162 225 -963 1720 31 30 -101 560 4356 0.72 0.16 5.5
-15 0.156 231 -3 1892 33 70 -3 -592 1942 0.61 0.03 5
-15 0.163 232 -274 1695 35 16 72 -1165 3470 0.65 0.19 2.4
-16.9 0.159 267 247 1808 27 79 187 -481 -1788 0.79 0.16 10
-16.4 0.158 249 -24 1812 33 29 -293 907 3048 0.7 0.16 2
-16.6 0.153 254 282 1006 34 63 75 -1166 2227 0.61 0.04 3.1
-15 0.169 245 939 1160 35 26 -98 -298 2835 0.72 0.17 6.5
-15.7 0.161 266 447 -2099 33 53 -126 1717 -2327 0.67 0.14 1.5
-16.5 0.162 247 751 1853 30 58 109 -1617 4762 0.8 0.08 6.9
-16.3 0.163 259 317 434 34 37 -174 174 3922 0.61 0.19 4.3
-15.5 0.156 224 979 -112 27 73 -45 -213 3090 0.62 0.18 3.6
-15.9 0.154 244 724 2473 26 68 104 -1653 3087 0.7 0.2 2.6
-15.5 0.164 255 -627 341 35 19 -146 337 4566 0.65 0.15 7.8
-16.6 0.153 226 792 1574 33 25 -92 836 -4954 0.67 0.13 1.2
-15.9 0.158 215 295 -1177 27 44 -112 -90 3223 0.76 0.2 10
-16.5 0.157 224 870 1369 26 39 103 1976 -4884 0.8 0.03 4.5
-16.7 0.158 245 -546 1342 35 32 -185 1909 1558 0.61 0.2 7
-16.2 0.169 193 676 89 35 65 59 -1025 878 0.63 0.18 9.9
-15.8 0.169 256 -655 2286 38 60 -285 911 1129 0.71 0.01 9.7
-15.6 0.151 215 -15 1495 37 45 25 105 125 0.62 0.07 1.2
-15.1 0.164 256 731 2115 37 51 163 768 104 0.71 0.17 7.2
-16 0.163 266 -267 462 32 68 196 169 4518 0.62 0.13 3.3
-16.6 0.151 241 630 -335 38 73 -106 -733 2382 0.77 0.11 9.1
-16.8 0.154 240 780 1625 34 33 -157 1464 -4246 0.61 0.15 2.3
-16.9 0.168 233 -472 2486 33 30 -270 536 2628 0.73 0.12 4.8
-16.7 0.152 208 518 -32 33 48 -11 1822 3285 0.7 0.05 1.7
-16.2 0.158 229 224 2069 37 52 41 -910 2827 0.64 0.07 9.7
-16.3 0.15 217 629 1148 33 61 112 7 -81 0.74 0.19 7.6
-15.7 0.151 194 54 2163 33 64 -53 637 3748 0.74 0.14 9.6
-16.3 0.16 260 878 -2495 26 56 20 -1468 4777 0.62 0.07 6.8
-15.1 0.164 239 499 -1520 31 14 144 -1500 3955 0.77 0.12 7.9
-16.1 0.153 265 417 -232 27 19 155 1666 913 0.61 0.01 7.1
-16.5 0.169 203 636 1488 35 79 -316 223 1908 0.7 0.01 2.5
-16.3 0.163 225 -151 265 31 38 64 1503 -4431 0.65 0.11 4.1
-16.9 0.163 227 -99 2831 27 15 -280 1470 3323 0.67 0.1 6.9
-16.2 0.156 197 19 -132 34 70 -162 -30 3145 0.71 0.19 10
-17 0.154 267 -263 2388 38 80 -29 606 4493 0.61 0.11 3.1
-17 0.168 257 569 33 38 73 -259 -372 4108 0.71 0.03 9.6
-15.9 0.17 243 923 2424 34 61 -307 936 -3109 0.8 0.01 4.5
-16.7 0.17 228 866 564 27 51 -115 -733 3877 0.74 0.2 1.4
-17 0.168 209 -148 1136 36 64 50 -321 3732 0.68 0.04 1.8
-15.9 0.15 236 49 2682 28 62 7 945 -82 0.64 0.17 1.4
-16.2 0.158 268 255 240 28 60 -15 560 -873 0.62 0.09 7.2
-16.3 0.15 236 258 1300 30 42 -53 46 571 0.79 0.09 4.1
-16.5 0.161 265 -877 2947 29 24 -9 -244 1810 0.68 0.17 1.6
-15.2 0.162 205 -51 -499 35 58 91 -745 4165 0.67 0.06 1
-16.8 0.168 261 353 662 38 25 157 1302 -1723 0.69 0.05 6.9
-16.5 0.16 205 662 -1253 35 73 61 1112 -4650 0.68 0.1 6.6
-15.3 0.168 252 980 -627 37 42 -199 1763 1200 0.68 0.02 5.9
-15.7 0.16 266 -83 2167 26 25 83 -154 863 0.63 0.2 4.5
-15.5 0.154 266 375 2416 31 77 -57 729 -1140 0.6 0.13 3.2
-16.5 0.16 196 901 -2942 37 58 -69 1729 -3774 0.75 0.04 3.5
-15 0.168 250 -406 -137 30 54 -29 -680 2892 0.66 0.16 5.6
-16.4 0.157 256 -260 2797 28 77 26 1316 -2502 0.75 0.17 6
-16.8 0.162 233 619 -529 36 59 -7 1401 -1585 0.66 0.03 4
-15.4 0.166 213 843 1552 29 60 94 -206 -2675 0.78 0.01 1.3
-16.1 0.16 195 829 -1577 37 17 -42 675 2048 0.67 0.1 4.4
-15.5 0.16 229 -52 2746 26 28 -174 1439 4160 0.62 0.07 6.4
-16.4 0.15 201 210 2591 34 78 -130 737 3711 0.62 0.08 6.3
-16.9 0.156 267 -296 2975 34 78 -19 16 2243 0.78 0.02 2.5
-16.9 0.153 190 585 2724 26 61 -153 1012 3527 0.72 0.04 1.1
-15 0.17 234 104 -1209 30 45 159 1675 1904 0.63 0.03 4.4
-15 0.165 243 822 1785 28 62 -30 886 -35 0.62 0.13 3
-16.1 0.17 253 148 644 38 58 -172 116 4083 0.8 0.09 6.5
-16.7 0.157 266 750 -2790 36 43 -92 868 -747 0.7 0.04 3.7
-16.8 0.161 267 648 -104 30 48 133 -865 1825 0.65 0.09 6.7
-15.2 0.163 239 -618 673 32 44 -13 1026 1390 0.63 0.08 5.5
-15.1 0.166 215 524 1459 28 25 -339 1421 3691 0.66 0.06 9.4
-15.2 0.17 240 836 -628 37 21 137 1618 2976 0.79 0.09 1.5
-15.3 0.161 225 739 -1738 26 78 186 1877 2542 0.71 0.15 9.6
-16.4 0.157 260 716 -152 31 21 86 -267 -211 0.64 0.13 3.3
-15.3 0.152 219 505 -887 38 52 -231 1601 2707 0.64 0.1 6
-16.1 0.167 199 -472 2920 34 70 -1 147 -2833 0.63 0.14 4.1
-15.6 0.17 228 -483 2174 38 13 -38 108 1211 0.62 0.06 4.5
-16.3 0.157 246 199 780 36 18 62 30 4606 0.68 0.04 8.9
-16.5 0.168 205 70 -750 37 48 -82 1592 -2326 0.8 0.17 2.5
-15.8 0.169 191 -359 94 32 64 -323 -178 4009 0.78 0.18 6.1
-15.4 0.156 259 -54 -698 34 27 -269 205 2013 0.79 0.13 2.6
-16.7 0.153 243 856 724 37 71 38 -689 623 0.76 0.13 7.8
-15.8 0.154 242 402 1337 28 47 -97 1818 -2298 0.62 0.17 5.1
-15.2 0.162 193 -716 2101 26 32 27 -105 1304 0.7 0.09 2
-15.9 0.168 216 848 -1820 37 11 -168 553 3197 0.64 0.03 6.1
-15.8 0.15 261 -706 789 38 56 -173 1773 -3915 0.67 0.17 4.7
-15.9 0.153 211 -191 -591 33 18 -239 1621 4789 0.77 0.04 6.4
-16.4 0.161 206 563 -1710 30 28 189 1476 4286 0.79 0.04 7.9
-16 0.158 253 770 -1647 29 40 16 -200 3470 0.62 0.04 3.2
-16.4 0.163 208 -420 2863 38 64 160 626 -261 0.63 0.13 2
-17 0.157 206 -303 -49 27 64 -192 671 3719 0.68 0.12 5.6
-16.9 0.17 199 913 2791 30 47 33 1669 -1411 0.6 0.06 2.7
-15.3 0.155 213 720 64 35 72 -268 973 1036 0.8 0.07 2.6
-15 0.168 200 741 -1553 35 49 11 1349 2087 0.6 0.05 8.5
-16.2 0.169 225 423 456 35 20 -100 281 833 0.76 0.14 7.6
-15.1 0.154 220 -16 939 31 48 -149 1826 284 0.79 0.12 5.7
-16.7 0.166 259 328 2731 26 72 66 -1775 3139 0.71 0.13 6.2
-15.1 0.156 218 8 1113 34 55 -179 1804 -2154 0.6 0.05 3
-15.1 0.156 253 562 -1453 36 61 186 1009 4689 0.73 0.08 2
-15.6 0.169 204 975 -2503 33 21 192 502 2018 0.6 0.18 9
-15.7 0.167 264 535 1261 36 55 178 1648 -2298 0.65 0.05 5
-15.2 0.153 230 -808 2537 30 48 191 -1110 693 0.63 0.06 5
-15.3 0.163 229 -709 1742 34 58 87 714 3541 0.8 0.03 8.9
-16.4 0.158 190 537 2340 27 15 100 -425 3151 0.76 0.12 1.8
-15.1 0.167 270 754 -2463 27 28 128 -303 967 0.73 0.05 9.5
-16 0.158 245 154 2030 34 63 -197 484 -2134 0.7 0.2 3.5
-17 0.161 200 394 3000 28 17 -112 1012 1005 0.76 0.15 2.9
-15.7 0.166 195 742 -1273 36 46 56 -1743 4326 0.69 0.18 2.5
-17 0.162 196 -426 1214 35 46 -391 907 635 0.6 0.13 7.2
-16.1 0.15 269 960 2083 26 71 175 1869 -2760 0.8 0.1 3.4
-16.9 0.168 249 898 2910 34 45 -26 811 2652 0.78 0.12 6.7
-16.3 0.158 223 799 -1005 36 72 48 1728 -2910 0.71 0.05 2.8
-15.4 0.152 241 485 318 31 11 52 654 -556 0.78 0.2 8.8
-15 0.15 257 554 -1282 33 71 24 1691 -2273 0.72 0.17 5.3
-15.8 0.166 198 869 2204 38 41 161 604 1331 0.75 0.02 5
-15 0.153 217 -247 205 31 74 -139 1543 432 0.64 0.13 4
-16.6 0.167 197 553 1574 32 43 -40 1557 2482 0.63 0.02 1.5
-15.9 0.155 248 197 1706 27 79 90 -423 -1025 0.79 0.19 6.2
-15.6 0.166 222 997 624 38 77 194 -1966 805 0.8 0.13 4.4
-17 0.16 221 -330 -220 31 12 127 1978 -4022 0.62 0.03 4.7
-15.4 0.157 207 -105 896 29 10 -30 -1343 3650 0.77 0.1 1.1
-15.4 0.165 267 -229 1717 28 28 -357 1544 458 0.68 0.01 5.6
-16.8 0.17 251 634 -806 27 51 -151 547 1476 0.66 0.09 2.4
-15.8 0.161 193 -584 686 36 27 -50 -576 1739 0.63 0.18 4.4
-16.5 0.162 206 263 -1132 33 35 161 -608 2057 0.73 0.04 1.6
-15.3 0.161 266 760 -2268 35 48 119 -886 4485 0.62 0.02 5.6
-15 0.151 193 218 -249 30 52 -180 1232 2868 0.73 0.2 8.3
-16.9 0.16 244 -976 1370 32 30 -375 1562 -2237 0.61 0.05 2.5
-15.5 0.155 251 777 617 31 65 189 -1017 3758 0.68 0 2.7
-15 0.17 207 -35 553 37 43 -45 818 -2438 0.61 0.16 7.1
-15.7 0.153 248 530 -1972 37 34 -296 -94 4896 0.76 0.06 9.9
-15.2 0.155 259 417 2112 32 30 188 695 -349 0.62 0.12 8
-16.9 0.167 258 358 303 37 60 70 473 -2024 0.65 0.09 3.4
-15.1 0.159 197 765 2115 37 63 -29 1944 -1392 0.64 0.11 6.9
-16.4 0.165 234 -650 1729 35 44 31 786 200 0.8 0.13 3.4
-16.7 0.167 267 -719 2510 33 73 7 28 3673 0.64 0.08 9.1
-15.5 0.169 243 139 -1613 31 80 105 1300 3807 0.72 0.06 4
-15.3 0.153 223 167 1206 29 60 128 855 -305 0.73 0.15 1.6
-16.6 0.155 197 25 2978 31 65 -59 1754 3307 0.66 0.14 2.5
-15.5 0.169 196 313 -1835 36 42 -52 827 941 0.65 0.16 2.3
-15.6 0.168 252 -492 1185 30 33 -129 -925 3893 0.7 0.02 1.7
-15.2 0.161 204 -293 2938 27 60 61 32 -2778 0.7 0.02 5.3
-17 0.156 244 32 2300 29 11 -260 1488 218 0.73 0.19 3.7
-15.2 0.163 214 -660 2329 33 78 -278 -611 3050 0.69 0.12 7.4
-15.7 0.169 270 694 465 36 69 70 -401 4383 0.76 0.13 1.9
-16.1 0.17 238 -943 1241 37 47 95 1404 -1667 0.73 0.15 2.6
-15.2 0.155 269 627 474 37 78 -68 -165 1742 0.73 0.09 4.8
-15 0.151 225 -375 2389 34 39 194 110 2689 0.62 0.06 4.4
-15.7 0.155 227 743 -127 26 69 176 142 -1701 0.74 0.12 2.2
-15.4 0.15 209 606 -323 32 63 176 1003 -3596 0.6 0.15 9.9
-15.9 0.17 194 -60 1569 31 13 97 -893 812 0.75 0.07 1.5
-16.2 0.152 198 354 1581 27 38 183 531 2345 0.72 0.12 5.1
-15.1 0.153 206 842 -1233 36 73 47 998 -1293 0.8 0.17 9.4
-17 0.169 252 793 1265 27 78 -181 -248 1885 0.79 0.02 2.4
-15.9 0.163 222 -856 2969 33 44 -65 1019 4302 0.69 0 6.1
-16.7 0.165 228 734 641 34 24 -94 1900 -1941 0.7 0.03 9.1
-15.5 0.157 192 -914 1869 31 29 195 -271 2794 0.72 0.09 9.8
-16.4 0.152 225 -966 2874 38 18 -138 1508 4878 0.76 0.13 9.2
-15.2 0.162 192 978 -788 29 28 134 -179 1149 0.61 0.04 1
-15.4 0.154 266 455 -653 28 80 -5 384 -722 0.76 0.07 7.8
-16.1 0.152 209 -630 1993 27 56 -8 -281 3989 0.63 0.01 1.3
-17 0.158 251 -386 706 27 72 78 1241 -927 0.63 0.15 2.5
-16.5 0.166 243 497 1792 35 78 -46 -733 4918 0.71 0.08 5.3
-16.5 0.156 255 549 -2439 32 26 12 1221 -1915 0.62 0.17 3.1
-16.4 0.154 193 369 -732 35 16 -87 -842 2446 0.66 0.1 1.7
-16 0.153 197 235 1836 29 57 -304 278 4566 0.61 0.07 6.6
-15.3 0.17 258 487 -351 36 59 186 -587 447 0.7 0.15 3.8
-16 0.169 195 371 1879 29 43 -151 812 1459 0.62 0.2 5
-15.6 0.167 199 186 1035 28 48 -180 973 -616 0.63 0.18 4.7
-15.8 0.168 264 727 -612 30 20 -281 824 3101 0.7 0.01 8.6
-16.1 0.158 192 899 -2816 26 46 60 1439 1526 0.71 0 2.9
-16.4 0.164 236 793 -2218 36 25 11 470 191 0.76 0.08 9.2
-15.6 0.169 204 -235 1396 32 31 109 1232 2199 0.66 0.15 2.4
-16.8 0.162 203 544 1428 26 59 20 -925 847 0.72 0 2.3
-16.3 0.151 249 -508 211 34 15 -130 981 2882 0.72 0 7.8
-16.5 0.15 206 506 -2258 38 15 -269 523 4115 0.79 0.03 1.6
-16.8 0.165 191 244 2683 27 55 -305 1128 770 0.62 0.05 1.7
-15.7 0.169 226 590 2593 35 72 35 -963 1850 0.66 0.07 7.6
-15.8 0.154 268 860 820 27 32 -294 1055 -1027 0.76 0.02 8.1
-15.3 0.168 210 799 2143 34 76 23 1450 80 0.73 0.18 3
-16.3 0.16 243 -764 2441 26 73 -49 319 3620 0.75 0.06 5.6
-16.7 0.167 200 953 -1766 27 53 -87 1763 -825 0.64 0.08 5.1
-16.5 0.151 243 887 -2225 28 64 64 -447 3742 0.71 0.12 3.2
-15.6 0.154 240 185 -1387 36 50 108 1717 -3024 0.79 0.18 4.7
-16 0.154 230 797 -247 26 21 -128 29 4818 0.67 0.07 1
-16 0.15 239 389 1726 33 70 -35 594 401 0.74 0.15 6.9
-16.7 0.154 235 241 -1063 27 19 -221 1377 1977 0.6 0 8
-16.5 0.163 240 399 -869 34 72 -178 1129 -2479 0.62 0.07 1.5
-16.7 0.168 202 -321 598 31 23 77 1904 3930 0.69 0.17 3.5
-16.6 0.157 236 928 1405 30 26 -110 126 -1358 0.77 0.12 1.5
-15.4 0.15 193 717 1947 35 69 -110 -91 -3344 0.66 0.16 1.9
-16 0.165 206 771 1327 33 16 -277 999 3995 0.8 0.14 1.1
-16.9 0.17 262 589 -243 38 56 -142 1890 4732 0.71 0.05 3.8
-15.8 0.166 222 -843 1135 31 62 20 -825 4032 0.62 0.17 7.5
-15.5 0.164 196 864 -2446 33 60 -151 1358 -1314 0.65 0.17 9.1
-16.8 0.154 193 -641 1460 34 31 -347 612 541 0.66 0.15 9.2
-15.9 0.156 263 -645 2419 27 18 -114 1941 347 0.61 0.16 5.4
-16.4 0.168 263 -636 2689 38 73 19 1079 -1102 0.73 0.02 1.4
-15.4 0.15 260 -168 2152 33 36 70 1161 -542 0.69 0.18 3
-16.3 0.157 225 -268 1503 26 34 75 1671 -416 0.72 0.19 1
-15.5 0.163 190 999 -96 34 30 -101 16 -415 0.66 0.14 7.1
-16.4 0.16 222 -83 980 38 67 -294 1034 1171 0.61 0.04 8
-15.6 0.151 203 -287 -164 34 72 -186 1952 3596 0.8 0.11 4.9
-15.4 0.158 263 -458 335 37 49 -56 652 -1885 0.67 0.16 8.5
-15.2 0.151 249 -84 737 34 50 172 1034 2316 0.6 0.16 8.1
-16.9 0.162 233 272 -1856 30 18 98 -773 1781 0.76 0.2 6.4
-16.4 0.164 249 -759 1250 34 29 -305 1744 4190 0.75 0.16 5.4
-15.4 0.164 242 183 -1441 35 68 -238 729 -1218 0.8 0.2 6.8
-15 0.158 240 789 -295 38 58 -116 -173 4025 0.79 0.11 7.2
-15.3 0.155 200 118 -879 37 65 -126 1402 3596 0.72 0.17 3.1
-16.1 0.163 200 294 2497 36 78 60 341 -281 0.73 0.14 5.7
-15.9 0.152 202 574 2702 32 40 151 -1905 3534 0.73 0.11 9.2
-16.5 0.165 201 341 578 32 72 -59 1559 -2512 0.62 0.12 1.2
-15 0.162 191 494 -2120 31 77 -40 1314 3913 0.78 0.08 1.4
-16.5 0.166 233 -514 1447 33 31 -352 274 3143 0.64 0.19 2.7
-16.2 0.169 231 -714 1508 30 32 -106 856 -2744 0.65 0.05 4.1
-15.4 0.15 235 713 -2006 29 15 -355 969 2922 0.74 0.15 8.6
-16.2 0.153 200 -42 1696 30 53 -343 595 2432 0.7 0.11 1.8
-16.6 0.165 259 311 2521 35 37 29 -1089 1937 0.8 0.06 7.9
-15.4 0.164 239 860 2928 27 38 155 1506 -1665 0.7 0.02 4.4
-15.6 0.15 200 588 -1269 28 57 58 1727 13 0.69 0.05 9.4
-15.4 0.151 221 -638 1931 30 65 -130 -580 3783 0.62 0.04 5
-15.3 0.154 257 796 -2607 37 34 49 1512 4340 0.69 0.08 8.4
-15.2 0.156 218 -693 1413 29 12 -1 -194 722 0.72 0.08 1.7
-15.8 0.152 261 362 -1937 27 15 192 -441 2900 0.7 0.17 2.5
-15.4 0.169 217 855 -1267 33 11 196 -736 18 0.63 0.16 5.4
-16 0.168 242 958 800 26 32 -56 1981 1834 0.8 0 2.1
-15.4 0.169 215 899 29 38 69 -210 1299 -1184 0.6 0.11 7.7
-15.9 0.168 246 938 1558 27 24 -335 1550 -3459 0.78 0 5.4
-15.5 0.161 208 -67 780 28 77 114 1664 3656 0.76 0.01 1.8
-15 0.153 253 52 -1179 33 28 33 1099 1105 0.73 0.03 5.5
-16.9 0.17 195 -131 1889 30 75 0 781 4359 0.68 0.08 7
-15.7 0.168 191 533 1831 38 60 69 187 -4783 0.67 0.19 2.7
-15 0.151 246 -775 1211 36 12 62 1013 4682 0.67 0.2 9.2
-15.4 0.166 222 626 -379 28 33 -232 1210 -2369 0.76 0.19 3.4
-15.1 0.161 249 317 2284 34 74 18 261 -4665 0.72 0.05 1.4
-16.5 0.152 259 733 466 27 48 92 128 -1724 0.8 0.07 7.6
-16.7 0.154 269 -856 2367 38 80 98 1793 -244 0.75 0.08 1.1
-16.9 0.163 204 987 1974 34 38 -227 454 1783 0.65 0.17 10
-17 0.158 246 -700 1592 34 32 -111 -366 4044 0.63 0.11 2.9
-16.2 0.15 258 -433 -8 32 40 -159 1624 3934 0.77 0.19 9.1
-16.8 0.153 270 531 -2116 27 35 -225 1623 2316 0.62 0.16 8.7
-15.6 0.162 207 -730 2716 38 47 -102 1030 -4277 0.72 0.12 3
-16.4 0.169 248 612 424 27 18 -246 1498 -3362 0.72 0.14 2.1
-16.4 0.162 197 560 2236 34 53 -15 -405 3174 0.65 0.09 7.1
-16 0.161 222 -396 1684 31 23 -287 1867 -3186 0.72 0.07 6.5
-16.9 0.169 217 882 2067 38 75 -220 635 -4873 0.71 0.15 5.6
-15 0.151 198 -926 2670 28 51 35 -1870 4957 0.63 0 4.4
-15.4 0.157 236 -434 1301 32 22 33 306 4105 0.69 0.2 9.2
-16.4 0.157 269 -315 228 30 74 -34 -483 4442 0.8 0.06 8.1
-15.4 0.153 202 809 1664 33 53 182 233 -858 0.68 0.16 2.6
-17 0.17 228 99 -469 36 48 -350 1736 825 0.6 0.19 3.8
-16.3 0.157 213 -353 -240 32 54 137 1839 399 0.74 0.05 6.5
-15.6 0.15 208 956 -2192 26 23 40 -1298 4283 0.67 0.11 3.4
-16.4 0.16 241 850 -1030 32 13 -312 1717 4552 0.78 0.05 4
-15.4 0.169 241 47 2034 30 66 -59 915 -2275 0.75 0.18 3.3
-16.1 0.158 208 484 -1636 37 63 75 1719 -410 0.72 0.15 1.8
-16.8 0.162 227 -377 848 27 71 2 1514 -827 0.61 0.07 9.1
-15.8 0.156 221 748 -2181 27 29 -334 496 966 0.67 0.06 4
-15.5 0.153 222 647 -2010 37 33 -213 -508 3485 0.69 0.17 4.7
-15.4 0.164 191 287 -214 29 50 15 -1018 2647 0.6 0.04 4
-16.9 0.166 194 950 -2124 28 25 -122 991 3546 0.77 0.14 3.7
-15.7 0.169 233 880 1240 31 76 113 1243 1192 0.72 0.19 2.7
-15.9 0.17 245 -639 2311 36 67 -324 1292 796 0.77 0.01 4.6
-17 0.151 226 824 2432 33 18 94 1241 -4452 0.79 0.16 7.4
-15.7 0.151 252 237 1607 36 56 154 -638 4714 0.78 0.06 5.8
-16.3 0.159 190 299 324 32 59 19 566 3960 0.62 0.03 4.4
-16.7 0.153 245 -340 1298 38 54 -28 1113 -461 0.7 0.1 9.1
-17 0.15 225 241 1763 35 65 -184 1136 120 0.64 0.01 4.8
-15.8 0.152 229 422 2800 28 27 92 1612 1973 0.73 0.11 8.7
-15.6 0.166 264 336 -223 31 50 191 -1360 1362 0.72 0.15 5.1
-15.5 0.159 232 990 35 32 50 40 746 -1842 0.74 0 8.5
-15.2 0.166 224 934 2799 37 23 193 1772 4898 0.61 0.1 2.5
-16.8 0.154 226 -761 1661 34 33 69 -60 1086 0.61 0.16 4.7
-15.7 0.165 251 961 -2564 31 21 -323 1675 -202 0.69 0.04 1
-15.1 0.158 266 526 1974 37 25 -239 448 2208 0.64 0.12 5.1
-16.6 0.161 229 700 -791 33 35 -138 -83 4092 0.79 0.17 9.8
-15.9 0.168 238 167 1257 35 54 18 1104 -2141 0.67 0.2 2.9
-15.4 0.17 250 903 -828 31 61 -149 -70 3979 0.72 0.13 1
-16.9 0.162 237 113 -1137 34 24 -262 1844 3170 0.6 0 6.2
-15.1 0.16 270 -620 649 26 31 199 1276 -2462 0.75 0.04 6.3
-17 0.152 270 713 1695 29 13 -41 1755 3375 0.79 0 6.6
-16.9 0.152 199 737 -996 32 34 182 1494 -2430 0.8 0.2 6.6
-16.2 0.162 208 -121 366 29 14 113 -813 836 0.6 0.17 3.3
-15.5 0.161 255 675 -218 29 49 197 -420 2494 0.67 0.2 7.4
-15.1 0.17 226 -82 -9 26 72 172 544 852 0.61 0 1.2
-15.4 0.153 258 7 -1016 30 20 -166 1997 68 0.66 0.07 5.4
-15.9 0.151 257 666 1140 34 26 168 1121 549 0.72 0.16 8
-15.1 0.165 263 207 776 38 25 -277 1177 3979 0.69 0.03 3.9
-15 0.166 228 778 2780 34 23 -62 1952 -170 0.71 0.13 3.9
-15.2 0.161 202 727 -1775 30 65 -79 149 -1473 0.71 0.14 9
-15.7 0.154 264 670 2565 27 13 -183 1965 4256 0.73 0.01 2.9
-16.8 0.163 270 674 1963 38 18 -211 1863 4575 0.7 0.2 6.6
-16.8 0.157 246 843 -1786 32 21 -369 754 1538 0.69 0.02 1.3
-16.1 0.163 203 396 31 27 54 76 -262 -1184 0.62 0.17 6.9
-15.2 0.169 194 738 1457 29 29 122 1099 3065 0.69 0.04 9
-15.9 0.17 192 769 1138 36 77 -295 664 1966 0.73 0.06 5.9
-16.4 0.155 269 881 2114 32 11 -14 1258 -3560 0.76 0.09 8.9
-16.8 0.16 240 826 1507 31 11 -397 1947 1606 0.78 0.16 8.8
-15.7 0.164 264 -61 321 26 61 -191 863 2434 0.7 0.1 3
-16 0.153 210 542 1125 35 23 102 252 2062 0.72 0.14 5.4
-15.3 0.16 215 -429 1576 35 41 -276 1165 2371 0.62 0.06 1.7
-15.4 0.151 260 287 312 32 38 -255 3 3593 0.65 0.19 9
-16.4 0.152 262 585 2332 30 62 -156 494 702 0.68 0.13 3.8
-16 0.16 221 -26 -465 29 35 -140 -308 3394 0.65 0.05 10
-16.9 0.155 235 197 2166 38 41 -196 839 113 0.65 0.18 7.8
-15.5 0.16 258 -370 968 38 11 -167 -183 4366 0.71 0.03 3.8
-16.6 0.162 240 829 2666 37 59 17 386 -1692 0.66 0.01 1.6
-16.1 0.169 224 975 299 34 25 -334 1707 -296 0.64 0 9.8
-15.1 0.157 203 -4 1463 35 79 -76 -193 2437 0.71 0.04 4.7
-16.8 0.157 226 524 28 29 78 22 799 4344 0.65 0.15 2.8
-16.3 0.156 247 -590 1850 27 79 101 -1556 2954 0.8 0.1 9.5
-16 0.151 229 532 2742 28 27 -391 1556 4394 0.7 0.03 6
-16.4 0.157 219 939 341 28 30 62 1870 -3045 0.78 0.01 3.4
-16 0.169 226 881 2962 28 10 -69 372 4422 0.6 0.08 5.2
-17 0.164 209 686 214 33 17 114 617 -13 0.67 0.15 5.3
-16.5 0.158 211 -419 1753 30 52 24 1138 -4575 0.76 0.16 8.2
-16.2 0.152 226 -840 1036 34 37 -178 1136 -116 0.7 0.03 2.2
-15.7 0.163 193 -817 2637 30 47 119 570 824 0.78 0.12 5
-16.5 0.152 236 -181 10 37 40 -99 1952 899 0.78 0.05 5
-15.4 0.15 265 649 2514 38 50 -217 1526 -1351 0.69 0.04 8.6
-15.8 0.167 224 986 1802 27 14 134 668 1614 0.6 0.16 7.9
-15.8 0.16 200 -82 905 31 68 96 -588 3340 0.79 0.19 7.3
-16.2 0.166 240 155 478 28 23 -22 -72 2378 0.72 0.06 7.7
-16.4 0.169 203 7 2026 37 35 98 -1222 2669 0.63 0.15 2.7
-16.8 0.17 209 746 312 37 62 54 984 -2230 0.71 0.04 7.9
-15.4 0.16 263 154 2393 37 73 50 1089 -2504 0.74 0.01 7.5
-16.1 0.161 241 518 135 34 17 -272 947 1690 0.76 0.19 8.2
-16.5 0.151 214 305 2401 28 34 -162 186 2755 0.68 0.03 3
-15 0.158 268 840 227 28 44 -23 634 2740 0.79 0.16 6.9
-16.7 0.169 211 -11 638 35 38 181 794 -2136 0.76 0.15 1.5
-15.8 0.163 263 -172 261 32 65 106 430 -2260 0.72 0.14 5.7
-16.3 0.15 237 769 -910 37 47 87 1597 2664 0.73 0.18 9.3
-15.8 0.152 223 125 -1469 38 11 -18 1929 2907 0.75 0.15 9.1
-16.4 0.169 195 373 28 32 79 159 328 -740 0.64 0.1 9.6
-16.9 0.152 231 -443 1543 36 19 -301 984 2558 0.61 0.18 10
-16.6 0.151 219 512 -1057 37 51 -122 1330 -295 0.74 0.16 8.2
-16.2 0.151 231 989 2793 33 10 167 1604 -4056 0.79 0.18 9.5
-15.9 0.153 238 -565 2313 31 40 -165 1614 -1665 0.67 0.04 4.4
-15.8 0.152 260 660 1293 29 49 -179 946 -3540 0.62 0.12 9
-16.9 0.161 208 465 43 28 45 5 693 528 0.79 0.09 10
-16.7 0.16 257 550 524 34 27 70 71 -2364 0.63 0.16 6.5
-15.4 0.16 254 351 -257 32 80 59 436 2274 0.67 0.01 3.6
-15.3 0.165 238 547 1571 32 66 150 -1556 268 0.63 0.03 6.1
-16.6 0.162 210 -294 -243 27 58 -350 -487 4003 0.61 0.17 5.7
-16 0.168 232 941 436 37 25 -101 67 -200 0.63 0.14 2.3
-16.1 0.157 268 -838 2777 36 74 -203 771 515 0.64 0.09 4.8
-15.8 0.151 265 32 -1014 36 57 114 -845 3632 0.76 0.14 8
-16.9 0.16 270 424 307 36 76 -20 857 2138 0.62 0.09 8.7
-15.5 0.159 214 -337 241 31 33 134 1273 3019 0.72 0.16 9.7
-16.5 0.169 228 -945 1731 32 68 -26 1136 -2506 0.67 0 6.7
-16.4 0.159 208 -685 2585 27 46 -137 710 3721 0.62 0.03 2.2
-16.6 0.154 247 -544 2951 30 51 42 -882 1197 0.64 0.13 9.7
-16.8 0.162 226 173 -1152 32 69 -29 -1141 2795 0.6 0.02 5.2
-15.9 0.153 208 -861 2395 29 17 46 1776 3743 0.69 0.2 1.6
-15.1 0.156 224 822 -1153 31 45 -47 -380 4920 0.63 0.08 3.5
-15.2 0.151 258 10 1366 31 50 50 102 4836 0.65 0.11 6.3
-15.1 0.161 209 -255 885 32 31 -157 935 -1833 0.75 0.08 5.5
-16.3 0.15 190 -32 -665 29 42 -122 1533 -1020 0.63 0.12 9.4
-15.1 0.169 249 274 2522 26 24 29 293 -1738 0.75 0.1 8.3
-15.6 0.153 196 -919 1299 37 25 -391 1884 -2571 0.65 0.14 3.6
-16.5 0.163 224 -233 2327 36 11 64 -835 2436 0.79 0.13 8.4
-17 0.155 246 -844 2237 34 65 -226 105 2482 0.67 0.09 4.6
-16.2 0.165 200 -435 2701 34 28 -262 781 1083 0.64 0.15 5
-16.1 0.157 223 431 2723 32 62 5 1782 -3925 0.62 0.04 7.1
-16.7 0.167 203 -317 2719 36 54 -229 1952 670 0.64 0.18 6.2
-16.2 0.17 267 624 -107 38 76 194 224 1172 0.75 0.15 3.3
-15.2 0.161 264 -234 478 30 13 -280 1617 4599 0.72 0.17 2.9
-16.4 0.161 216 848 1467 31 64 -187 -92 2036 0.76 0.04 3.1
-16.8 0.164 244 580 -420 28 39 107 612 1732 0.79 0.16 2.7
-16.8 0.16 226 130 -730 37 63 -309 1725 1137 0.71 0.02 2.9
-15.1 0.163 243 -109 2167 37 79 66 404 3933 0.65 0.05 2.9
-16.8 0.151 268 536 219 35 64 -130 -344 1034 0.79 0.01 8.1
-15.9 0.152 266 351 -1889 30 18 41 1796 -742 0.8 0.06 1.3
-16.2 0.17 203 37 1412 37 13 88 26 1373 0.74 0.07 4.3
-15.9 0.158 227 290 1858 38 45 -47 13 -1795 0.63 0.12 1.5
-15.7 0.157 192 905 -1473 36 16 133 1258 -1959 0.61 0.16 7.7
-15.8 0.157 225 489 -27 28 41 -147 403 -444 0.7 0.1 1.5
-15.8 0.154 261 21 2599 35 59 -92 126 -750 0.69 0.06 7.5
-15.7 0.167 227 879 733 36 31 -247 829 247 0.7 0 2.9
-17 0.156 240 -589 2904 35 17 134 249 320 0.64 0.14 1.6
-15.3 0.155 259 632 1720 27 31 141 1094 1783 0.76 0.04 1.6
-15.1 0.159 236 992 -491 28 13 -207 1901 3811 0.72 0.08 5
-16.6 0.161 218 30 -278 36 17 192 62 4920 0.78 0.19 7.9
-15.2 0.169 211 331 -457 30 16 -49 -184 3341 0.64 0.17 6.1
-16.4 0.169 246 922 -1844 37 47 -51 1598 2802 0.77 0.02 3.7
-15.2 0.159 238 209 799 38 14 146 -1443 4465 0.67 0.08 5.5
-16.4 0.17 208 553 866 31 78 -269 -561 3957 0.71 0.1 8.3
-16.9 0.168 259 -733 2735 28 49 100 766 -4279 0.74 0.06 2.1
-16.8 0.169 260 -259 -496 35 63 136 1417 915 0.66 0.04 8
-16 0.151 210 -984 1327 26 46 -305 322 1137 0.67 0.02 4.5
-16.7 0.158 199 430 733 34 22 116 370 -1485 0.69 0.08 8.2
-16.7 0.169 236 426 1654 36 68 -98 -570 -18 0.8 0.04 5.9
-16.6 0.167 270 409 2373 34 43 191 -296 -4443 0.78 0.03 8.1
-16.5 0.161 212 35 2669 34 48 -99 65 161 0.67 0.03 2
-16.2 0.168 225 219 990 37 25 -60 -548 2528 0.72 0.14 7.1
-16.7 0.154 205 356 1033 27 45 9 93 2841 0.61 0.11 3.7
-16.2 0.166 254 -2 288 28 29 -153 571 -1082 0.8 0.04 3.8
-15.1 0.156 249 -849 2849 37 70 181 517 -1536 0.71 0.04 6.7
-16.5 0.153 222 -37 2009 37 70 -282 -138 4094 0.8 0.18 7.9
-15.1 0.153 191 893 1464 32 61 -72 437 1667 0.77 0.18 5.4
-15.6 0.157 251 -67 1434 28 40 102 -1109 3455 0.64 0.06 8.9
-15.3 0.161 252 198 -800 34 18 -7 463 914 0.74 0.14 5.6
-15.3 0.151 232 165 825 29 37 181 -1927 3571 0.6 0.02 3.3
-15.2 0.152 200 -575 783 27 42 22 -319 629 0.76 0.03 1.9
-16.7 0.168 256 -466 996 30 76 151 936 -789 0.61 0.09 5.4
-15.5 0.161 232 903 2781 32 22 -242 1118 2124 0.63 0.12 5.1
-16.1 0.154 197 503 553 36 54 95 842 -1942 0.72 0.15 4.3
-15.5 0.161 228 40 -479 38 47 35 -1449 4445 0.74 0.2 9.1
-15.9 0.159 254 445 -831 32 59 155 -613 1911 0.68 0.12 9.3
-16.8 0.15 266 295 175 38 59 -189 1108 -2060 0.61 0.13 8.1
-15 0.165 226 -77 2744 30 30 -255 1629 -1702 0.74 0.09 2.1
-15.8 0.153 265 277 2495 37 65 -43 1484 -2405 0.8 0.1 1.4
-16.9 0.157 250 465 -140 33 29 -208 688 1574 0.78 0.1 1.5
-16.9 0.16 229 996 1551 35 72 76 -53 -3462 0.77 0.08 7.2
-17 0.163 240 225 2953 35 27 -176 557 2711 0.66 0.15 8.4
-15.6 0.163 204 530 -1528 30 15 76 901 3107 0.7 0.13 4.4
-15.9 0.16 263 648 972 37 48 -187 -221 3932 0.8 0.02 8.5
-15.7 0.155 243 474 2368 31 21 -318 1525 -1444 0.65 0.02 5
-16.7 0.168 194 788 920 30 51 -45 -123 1409 0.68 0.01 1.7
-15.8 0.155 219 806 -902 33 23 160 1386 2042 0.65 0.19 6.3
-16 0.165 240 64 471 35 71 -115 283 -2333 0.6 0.05 6.6
-16.3 0.16 269 -332 2935 34 25 -94 668 1567 0.71 0.15 5.7
-15.9 0.164 224 -383 310 32 19 73 508 -1503 0.78 0.14 4.4
-15 0.155 201 639 1248 33 14 -122 1249 -2685 0.7 0.17 6.1
-16.7 0.161 231 364 1820 33 48 96 1510 360 0.8 0.07 5.9
-15.5 0.15 208 597 2300 32 63 -232 1265 -1567 0.71 0.05 2.3
-15.8 0.15 236 762 2969 31 74 -168 -765 750 0.62 0.12 9.7
-16.6 0.15 218 395 1928 33 56 87 -97 -1769 0.66 0.17 8.9
-15.1 0.151 257 -574 263 31 28 -264 1889 3531 0.75 0.06 7.7
-15.4 0.165 212 -156 40 34 49 -291 1461 1984 0.71 0.12 4.9
-16.4 0.17 222 779 -460 37 18 -318 1424 757 0.66 0.07 7.1
-16.1 0.156 260 -351 -163 29 72 8 1099 117 0.62 0.08 5.5
-15.2 0.165 210 -817 2977 27 16 -6 985 4712 0.66 0.17 8.5
-15 0.152 213 -536 1022 29 71 103 -28 1121 0.65 0.12 3.7
-15 0.15 197 504 2502 35 79 -85 545 2065 0.7 0.04 8.4
-17 0.152 203 639 2201 28 10 -89 1682 3001 0.63 0.11 7.4
-16.2 0.154 247 939 -187 34 33 0 1461 -3017 0.73 0 1.6
-15.2 0.159 194 -356 3000 36 71 -49 1463 2313 0.7 0.12 8
-15 0.165 241 948 -1581 34 59 -16 -495 2448 0.67 0.16 8.7
-15.2 0.164 191 760 -2255 38 76 119 -420 1697 0.64 0.16 9.7
-15.3 0.164 229 469 445 28 59 67 1762 -351 0.79 0.04 5.7
-16.5 0.156 236 499 2790 27 74 -102 -754 4763 0.8 0.18 8.4
-15.8 0.15 254 -530 769 31 13 93 -78 3862 0.63 0.07 8.7
-15.9 0.163 208 624 743 30 51 -183 -180 3454 0.67 0.18 4
-16.4 0.163 248 642 361 34 58 11 1253 1325 0.76 0.03 9.8
-16.6 0.168 214 837 2342 29 50 -88 -421 -997 0.63 0.07 3.7
-15.5 0.168 239 95 1910 28 71 135 -1718 1751 0.65 0 1.5
-16.7 0.156 229 416 -1492 33 17 130 1352 -2808 0.64 0.06 7.5
-15.1 0.159 249 -945 1647 29 63 -4 -143 3226 0.66 0.16 8.1
-16.8 0.151 213 -89 43 28 29 174 355 86 0.71 0.11 4.4
-16.3 0.169 253 -422 2139 38 80 137 -1624 4694 0.64 0.05 5.7
-15.4 0.158 237 801 -1359 32 57 140 -1856 4155 0.71 0 3.8
-16.9 0.15 247 -233 1720 37 12 50 1978 4832 0.7 0.09 6
-15.6 0.156 232 212 1062 26 71 175 -129 -1588 0.68 0 7.1
-15 0.159 206 -891 2155 36 39 -167 1476 4988 0.69 0.15 3.2
-16.4 0.162 249 -301 2079 31 67 54 -269 817 0.7 0.01 3.5
-16.1 0.156 207 214 1625 30 50 -6 307 -1969 0.78 0 7.5
-16 0.162 214 505 461 38 18 190 847 4968 0.71 0.05 2.9
-15.2 0.155 210 -696 1331 36 54 92 404 2697 0.6 0.16 1.9
-16.3 0.153 190 109 -912 33 30 -137 1497 -2417 0.74 0.13 3
-15.5 0.157 208 873 1560 35 48 -213 662 -4094 0.76 0 7.7
-16.8 0.164 254 769 2431 27 49 -163 -72 4661 0.67 0.11 4
-16.7 0.161 247 -247 1842 35 20 -28 776 4251 0.78 0.04 4.5
-16.7 0.158 234 -780 1876 31 34 -297 645 3646 0.68 0.07 2.4
-16.5 0.169 229 152 -1346 27 43 74 1276 -2577 0.78 0.09 5.8
-15.7 0.157 201 965 2872 27 20 -14 -1005 1658 0.61 0.08 9
-15.1 0.157 227 645 1105 37 41 -189 1780 2114 0.64 0.01 6.3
-15.3 0.168 236 -610 2980 26 32 -71 1129 -3255 0.78 0.1 7.9
-15.8 0.165 240 542 1926 36 42 -295 1639 852 0.66 0.11 2.6
-16.7 0.151 209 -618 1466 35 67 199 1964 1954 0.68 0.07 2.3
-15.8 0.17 226 -164 2813 36 26 -283 935 -1963 0.64 0.05 9
-15.1 0.156 192 -800 1053 37 70 53 -650 2019 0.63 0.11 2.5
-15.4 0.151 235 456 -1663 35 34 -36 1684 878 0.75 0.06 5.6
-15.4 0.161 244 802 2773 32 30 39 1047 -2216 0.61 0.1 1.7
-15.5 0.166 265 789 308 37 18 34 394 -4379 0.64 0.19 7.4
-15.8 0.155 235 566 -1056 31 80 -178 506 3102 0.77 0.11 2.7
-15.1 0.15 265 398 1710 38 58 -174 202 -1510 0.74 0.07 10
-16.7 0.165 201 -40 951 34 28 -279 1950 -4426 0.78 0.2 4.2
-16.8 0.167 233 654 -2005 26 55 113 439 3003 0.64 0.04 5.5
-15.4 0.166 241 142 2256 38 25 166 1014 3897 0.74 0.12 2.3
-15.1 0.152 194 232 78 35 20 -39 1370 166 0.65 0.16 9.9
-16.7 0.164 197 -236 755 29 25 -209 1980 3575 0.61 0.11 5.4
-15.4 0.167 206 376 1554 32 64 -252 765 2136 0.65 0.05 2.7
-15.8 0.158 196 179 233 29 18 140 635 1291 0.73 0 2.4
-16 0.16 195 356 1294 35 66 14 327 -2535 0.69 0.17 3.5
-15.6 0.161 264 -236 -836 26 47 -288 587 1016 0.71 0.04 4.2
-16.1 0.164 218 276 2505 35 66 -22 667 -1884 0.69 0.08 2.2
-15.9 0.159 227 10 -625 28 53 121 -484 2869 0.71 0.09 9
-15.1 0.165 260 251 644 36 49 -267 1450 -4955 0.75 0.01 6.2
-15.7 0.161 212 -77 2606 34 67 87 286 898 0.67 0.12 10
-16.6 0.161 250 330 93 27 56 174 1720 2351 0.61 0.14 2.3
-15.6 0.169 236 -668 1779 34 14 120 -125 1620 0.68 0.19 2.1
-16.4 0.165 253 -144 2426 31 64 -184 889 -3981 0.65 0.11 2.4
-16.2 0.154 265 466 2087 32 44 176 -1833 1220 0.77 0.18 2.5
-16.9 0.162 237 857 -1843 36 17 106 739 4023 0.72 0.02 1.6
-16.6 0.15 236 -996 2691 28 27 178 895 804 0.62 0.14 8.8
-17 0.157 212 288 971 37 30 35 1338 -2107 0.7 0.18 8.7
-15.9 0.152 214 -546 2616 38 18 -120 1863 -3106 0.61 0.14 9
-16.2 0.166 227 -322 1870 27 27 -111 -784 4271 0.6 0.14 7.6
-17 0.156 221 176 1571 26 45 14 1618 -726 0.79 0.16 1.8
-16.8 0.158 203 584 2229 35 64 158 326 3065 0.74 0.05 1
-15.4 0.154 249 -257 1570 38 32 24 1676 4856 0.75 0.11 7.9
-16.5 0.169 207 -461 586 30 56 -166 678 4389 0.73 0.06 7.8
-15.2 0.16 254 -873 1031 29 69 174 1884 -3532 0.64 0.08 1.9
-16.7 0.159 214 -311 2961 26 67 86 1821 -4712 0.63 0.17 2.3
-16 0.162 221 -122 2187 28 28 74 -926 4822 0.73 0.03 9.4
-15.2 0.154 190 93 2137 30 10 134 -199 -1375 0.78 0.01 9.9
-15.9 0.151 229 -817 2191 31 19 65 -75 -793 0.63 0.12 1.4
-16.4 0.157 221 721 -2035 31 29 55 1999 -487 0.77 0.06 1.6
-15.2 0.161 202 529 2887 28 53 44 304 -1280 0.66 0.1 2.8
-15 0.161 220 680 1223 27 56 -227 187 4922 0.64 0.11 3.7
-15.6 0.15 201 596 136 27 56 166 1534 -4224 0.73 0.15 2.4
-16.3 0.161 240 861 -525 29 72 63 -1833 4991 0.71 0.17 1.7
-16.8 0.159 207 28 358 30 44 -302 1312 4727 0.7 0.19 5.1
-15.1 0.152 212 -590 1165 33 37 114 829 960 0.7 0.08 7.3
-15.1 0.157 242 -994 1272 31 70 -49 1153 4226 0.74 0.18 2.3
-16.9 0.152 192 -246 2926 26 30 32 809 3117 0.61 0.12 7.4
-15 0.154 199 551 -509 38 26 12 302 2838 0.77 0 3.8
-16.1 0.169 266 948 -2554 28 20 -95 58 941 0.67 0.14 3.7
-15.7 0.156 240 462 41 33 43 -200 335 2031 0.62 0.08 4.4
-16.7 0.152 251 496 54 38 28 -300 1662 1659 0.62 0.07 5.7
-15.9 0.164 222 -650 2773 28 65 119 1109 1076 0.68 0 7.5
-15.6 0.17 210 842 -1735 33 60 -210 1740 -220 0.6 0.02 6.1
-15.7 0.159 195 -544 2966 29 13 32 750 1078 0.77 0.04 4.3
-16.7 0.169 211 -105 2653 35 46 1 1733 -1690 0.8 0.16 7.7
-17 0.16 240 568 2448 38 59 -52 173 2826 0.62 0.05 1.1
-16.3 0.165 239 699 2513 33 53 -272 10 2906 0.72 0.03 3.2
-16 0.157 198 92 2200 28 25 -295 1782 4839 0.78 0.07 8.2
-16.3 0.17 243 -572 796 34 19 110 572 4000 0.63 0.11 7.4
-16.2 0.165 270 687 -2715 30 13 7 -799 4797 0.74 0.04 9.7
-16.1 0.156 216 717 -1219 26 51 137 1115 -2516 0.78 0.18 6
-15.8 0.163 225 870 390 38 80 -386 -142 2327 0.67 0.14 3.2
-15 0.154 237 -376 5 35 34 -304 1434 4973 0.71 0.11 7.7
-16.8 0.17 262 962 2963 28 23 53 1937 1931 0.67 0.13 3.8
-15.8 0.166 241 608 -855 38 16 -146 -478 4581 0.75 0.1 9.3
-16.6 0.168 243 445 402 27 39 3 -14 1155 0.6 0.09 6
-16.2 0.162 195 195 1020 26 37 183 1105 -3769 0.67 0.04 5.3
-15.1 0.154 209 861 837 34 55 -102 -13 3449 0.68 0.16 6.1
-15.4 0.15 252 935 2655 28 25 -9 -269 -1206 0.63 0.2 4.5
-16.8 0.165 225 412 1283 27 61 -172 1757 3561 0.66 0.2 2.8
-16.1 0.163 192 159 2333 37 48 98 1572 -1235 0.77 0.06 9.1
-15.3 0.152 238 977 1632 31 17 -369 1236 4302 0.6 0.2 1.3
-16 0.158 240 860 383 29 53 16 215 -548 0.66 0.08 4.7
-15.1 0.162 245 348 2467 36 65 169 1244 -2791 0.74 0.16 3.3
-15.6 0.164 225 -956 2881 36 28 199 1404 -1821 0.65 0.13 6.4
-16.5 0.157 224 86 1545 30 51 105 -276 3975 0.6 0.02 6.7
-16 0.154 237 151 2176 30 34 156 -1365 3821 0.63 0.02 3.7
-15.3 0.16 220 -241 1946 34 47 194 1395 1202 0.79 0.07 4.7
-16.6 0.152 196 324 2538 32 39 30 -977 892 0.61 0.16 9.3
-16.3 0.151 201 -146 -156 32 20 -336 988 -495 0.67 0.19 8.2
-15.1 0.155 225 27 1777 32 48 111 -523 3030 0.65 0.15 9.1
-16 0.15 220 931 627 38 32 -347 996 -1007 0.69 0.2 4.8
-15.8 0.169 228 107 178 30 73 199 809 -164 0.72 0.14 6.4
-15.5 0.151 235 826 -232 37 40 191 -81 4358 0.67 0.07 8.1
-16.3 0.164 212 811 311 31 45 -139 211 -85 0.64 0.01 7.6
-16.2 0.155 267 939 -708 32 67 56 1211 1005 0.6 0.08 2.5
-16 0.165 259 -31 2693 31 64 -250 240 3973 0.6 0.01 1.3
-15.2 0.164 221 830 2832 35 69 -87 118 -4314 0.71 0.1 1.1
-16.2 0.169 204 -423 2730 31 76 45 -1103 3069 0.7 0.05 3
-15.3 0.17 230 668 2084 30 78 81 -1902 4033 0.63 0.11 1.5
-16.1 0.161 243 -736 2823 33 28 -105 1416 4245 0.72 0.2 8.8
-15.6 0.17 229 118 179 38 63 -105 496 2736 0.63 0 4.3
-15.5 0.163 224 617 -1966 31 79 196 -864 4099 0.7 0.08 3.6
-16.3 0.169 225 -568 1864 30 42 58 1485 225 0.61 0.04 2.3
-15.7 0.159 223 163 633 28 61 -226 1093 -4321 0.77 0.17 2.4
-15.1 0.164 199 648 2929 34 34 -306 908 -582 0.76 0.07 9.2
-16 0.157 242 975 1512 33 49 68 1838 4003 0.64 0.15 7.3
-15.8 0.167 232 401 2275 36 27 -152 1940 2704 0.62 0.1 4.7
-16.1 0.152 225 19 853 29 41 -201 1554 4307 0.75 0.09 3.6
-16.6 0.153 228 981 -654 30 21 -187 1244 2333 0.74 0.16 3
-17 0.166 263 706 1239 29 40 -208 993 2053 0.67 0.13 3.1
-15.5 0.154 249 804 2163 31 69 -41 196 3041 0.74 0.1 9.8
-16.6 0.158 270 -639 2367 35 50 -158 1502 -2415 0.65 0.02 8.4
-15.8 0.165 232 -798 2683 36 71 117 867 -1877 0.8 0.2 7.6
-15.1 0.153 208 352 2667 26 38 -36 -497 4223 0.74 0.1 9
-15.2 0.163 197 976 -1115 35 47 -94 -517 2122 0.79 0.15 8.2
-16.7 0.166 245 -646 1532 31 66 192 887 2719 0.65 0.11 1.3
-15.9 0.155 232 252 2874 30 39 -241 1929 -1984 0.78 0.17 2.4
-16.3 0.167 215 223 1632 26 76 -175 -944 4348 0.65 0.01 7.1
-16.1 0.169 266 955 281 38 64 3 1822 4503 0.72 0.15 3.5
-16.8 0.15 201 -916 1532 32 80 135 993 -267 0.62 0.03 7.1
-15.6 0.155 265 170 -578 32 50 7 91 1497 0.62 0.07 9.5
-15.9 0.158 267 -283 2334 35 25 125 1658 -2836 0.71 0.03 3.7
-15.6 0.166 267 85 -184 38 70 71 -667 4177 0.6 0.13 8.2
-16.9 0.158 256 563 -1549 31 57 31 1416 -3400 0.6 0.09 7.2
-16.9 0.16 225 872 -2056 35 17 7 -245 2311 0.61 0.06 2.8
-16 0.159 242 -110 317 29 21 115 -786 3292 0.73 0.08 2.7
-16.6 0.161 250 -853 834 32 11 -320 928 26 0.76 0.1 8.4
-16.2 0.168 233 390 -1401 26 57 144 733 33 0.68 0.09 4.6
-16.5 0.169 250 871 624 35 26 -315 854 1475 0.69 0.09 1.8
-16 0.167 270 -509 1469 37 50 -124 1633 -4056 0.71 0.09 1.2
-16.7 0.15 261 405 -442 34 19 11 1128 -3150 0.61 0.07 7.3
-16.1 0.166 234 216 2518 30 48 139 807 -3873 0.8 0.01 3.8
-16.7 0.164 209 781 1987 35 13 -274 899 4065 0.69 0.01 4.6
-16.9 0.157 217 913 855 35 62 -77 1400 181 0.6 0.1 6.7
-16.5 0.166 211 436 -1019 27 30 13 1134 -1156 0.72 0.03 5.7
-16.6 0.161 208 -334 605 38 79 -156 -393 2053 0.64 0.1 2.2
-16.3 0.166 250 118 2447 28 39 -100 1272 1466 0.7 0.07 8.9
-17 0.167 190 374 -1744 26 32 -242 -325 3077 0.64 0.15 8.3
-15.2 0.157 260 274 2166 27 46 38 1727 4387 0.75 0.16 5.6
-16.3 0.164 224 253 -1591 38 78 57 487 -2007 0.78 0.13 2.4
-15.1 0.153 234 94 -157 37 53 -244 1938 1163 0.75 0.04 2.2
-15.6 0.155 261 -571 1527 34 27 -223 297 3585 0.69 0.2 6.5
-15.8 0.168 203 -811 1142 35 65 5 1757 -537 0.64 0 2.8
-15.8 0.169 263 716 -1344 36 43 151 917 364 0.69 0.11 1.4
-16.2 0.169 214 806 1424 32 52 60 1784 3140 0.7 0.16 4.3
-15.4 0.169 240 -783 1493 33 12 -321 1877 3474 0.71 0.06 9.8
-16.6 0.165 192 -256 1026 38 63 -16 -1428 4884 0.72 0.2 1
-15.4 0.152 242 -816 1241 35 76 166 1508 -1709 0.78 0.11 5.6
-15.5 0.159 219 510 -1089 29 13 -346 1741 -3399 0.75 0.11 1.4
-16.5 0.157 205 -523 542 35 31 34 272 4968 0.72 0.02 2.4
-17 0.152 198 419 988 29 44 58 1363 -3648 0.72 0.07 1.2
-15.6 0.155 200 433 2542 27 71 64 -852 -672 0.76 0.19 9.1
-16.1 0.158 234 358 1495 36 80 -169 1406 338 0.61 0.15 4.1
-16.6 0.17 223 48 1632 33 12 162 859 2485 0.75 0.04 2.6
-16.8 0.159 221 840 -1775 35 30 -124 -724 4725 0.63 0.03 9.3
-15.9 0.152 265 897 -1875 28 17 -122 1292 4629 0.64 0.01 7.6
-16.2 0.16 230 141 2851 31 46 -161 1886 -3403 0.68 0.07 3.6
-15.1 0.155 216 710 -2315 29 54 22 1290 2305 0.64 0.05 9.5
-15.1 0.151 226 -791 1862 31 36 -58 1044 4148 0.77 0.01 2.5
-16.2 0.162 242 725 31 37 58 52 1501 -4528 0.62 0.1 7
